#! /nix/store/ly53l0c2d0171az6mm17rd14prhs9f01-iverilog-12.0/bin/vvp
:ivl_version "12.0 (stable)";
:ivl_delay_selection "TYPICAL";
:vpi_time_precision + 0;
:vpi_module "/nix/store/ly53l0c2d0171az6mm17rd14prhs9f01-iverilog-12.0/lib/ivl/system.vpi";
:vpi_module "/nix/store/ly53l0c2d0171az6mm17rd14prhs9f01-iverilog-12.0/lib/ivl/vhdl_sys.vpi";
:vpi_module "/nix/store/ly53l0c2d0171az6mm17rd14prhs9f01-iverilog-12.0/lib/ivl/vhdl_textio.vpi";
:vpi_module "/nix/store/ly53l0c2d0171az6mm17rd14prhs9f01-iverilog-12.0/lib/ivl/v2005_math.vpi";
:vpi_module "/nix/store/ly53l0c2d0171az6mm17rd14prhs9f01-iverilog-12.0/lib/ivl/va_math.vpi";
S_0x2844f500 .scope module, "cpu_tb" "cpu_tb" 2 4;
 .timescale 0 0;
v0x284a9f80_0 .var "clk", 0 0;
v0x284aa020_0 .var "rst", 0 0;
S_0x2844f690 .scope module, "cpu" "cpu_top" 2 11, 3 2 0, S_0x2844f500;
 .timescale 0 0;
    .port_info 0 /INPUT 1 "clk";
    .port_info 1 /INPUT 1 "rst";
L_0x284aa940 .functor OR 1, v0x2849ca80_0, v0x2849cb40_0, C4<0>, C4<0>;
L_0x7f2c13cd8018 .functor BUFT 1, C4<00000001>, C4<0>, C4<0>, C4<0>;
v0x284a8970_0 .net/2u *"_ivl_0", 7 0, L_0x7f2c13cd8018;  1 drivers
v0x284a8a70_0 .net *"_ivl_5", 0 0, L_0x284aa940;  1 drivers
L_0x7f2c13cd80f0 .functor BUFT 1, C4<00000000>, C4<0>, C4<0>, C4<0>;
v0x284a8b30_0 .net/2u *"_ivl_6", 7 0, L_0x7f2c13cd80f0;  1 drivers
v0x284a8c20_0 .net "alu_input_a", 7 0, L_0x284aa9b0;  1 drivers
v0x284a8d10_0 .net "alu_input_b", 7 0, L_0x284aab40;  1 drivers
v0x284a8db0_0 .net "alu_op", 3 0, v0x2849c840_0;  1 drivers
v0x284a8ea0_0 .net "alu_result", 7 0, v0x2849c4c0_0;  1 drivers
v0x284a8fb0_0 .net "clk", 0 0, v0x284a9f80_0;  1 drivers
v0x284a90a0_0 .var/i "cycle", 31 0;
v0x284a9210_0 .net "instr", 7 0, v0x284a1790_0;  1 drivers
v0x284a92d0_0 .net "is_two_byte", 0 0, v0x2849c9e0_0;  1 drivers
v0x284a9370_0 .net "mem_read", 0 0, v0x2849ca80_0;  1 drivers
v0x284a9460_0 .net "mem_read_data", 7 0, v0x284a0960_0;  1 drivers
v0x284a9500_0 .net "mem_write", 0 0, v0x2849cb40_0;  1 drivers
v0x284a95f0_0 .net "next_byte", 7 0, v0x284a4d80_0;  1 drivers
v0x284a9690_0 .var "pc", 7 0;
v0x284a9730_0 .net "pc_plus_1", 7 0, L_0x284aa130;  1 drivers
v0x284a97d0_0 .net "read_data1", 7 0, L_0x284aa1d0;  1 drivers
v0x284a9870_0 .net "read_data2", 7 0, L_0x284aa880;  1 drivers
v0x284a9960_0 .net "reg_dst", 1 0, v0x2849cd30_0;  1 drivers
v0x284a9a70_0 .net "reg_read1_addr", 1 0, v0x2849ce10_0;  1 drivers
v0x284a9b80_0 .net "reg_read2_addr", 1 0, v0x2849cef0_0;  1 drivers
v0x284a9c90_0 .net "reg_write", 0 0, v0x2849cfd0_0;  1 drivers
v0x284a9d80_0 .net "rst", 0 0, v0x284aa020_0;  1 drivers
v0x284a9e20_0 .net "use_imm", 0 0, v0x2849d090_0;  1 drivers
v0x284a9ec0_0 .net "write_back_data", 7 0, L_0x284aac80;  1 drivers
L_0x284aa130 .arith/sum 8, v0x284a9690_0, L_0x7f2c13cd8018;
L_0x284aa9b0 .functor MUXZ 8, L_0x284aa1d0, L_0x7f2c13cd80f0, L_0x284aa940, C4<>;
L_0x284aab40 .functor MUXZ 8, L_0x284aa880, v0x284a4d80_0, v0x2849d090_0, C4<>;
L_0x284aac80 .functor MUXZ 8, v0x2849c4c0_0, v0x284a0960_0, v0x2849ca80_0, C4<>;
S_0x28408dc0 .scope module, "alu_unit" "alu" 3 88, 4 2 0, S_0x2844f690;
 .timescale 0 0;
    .port_info 0 /INPUT 8 "a";
    .port_info 1 /INPUT 8 "b";
    .port_info 2 /INPUT 4 "alu_op";
    .port_info 3 /OUTPUT 8 "result";
v0x28480ac0_0 .net "a", 7 0, L_0x284aa9b0;  alias, 1 drivers
v0x28480b60_0 .net "alu_op", 3 0, v0x2849c840_0;  alias, 1 drivers
v0x2849c400_0 .net "b", 7 0, L_0x284aab40;  alias, 1 drivers
v0x2849c4c0_0 .var "result", 7 0;
E_0x28440d00 .event anyedge, v0x28480b60_0, v0x28480ac0_0, v0x2849c400_0;
S_0x2849c620 .scope module, "cu" "control_unit" 3 52, 5 2 0, S_0x2844f690;
 .timescale 0 0;
    .port_info 0 /INPUT 8 "instr";
    .port_info 1 /OUTPUT 2 "reg_dst";
    .port_info 2 /OUTPUT 2 "reg_read1_addr";
    .port_info 3 /OUTPUT 2 "reg_read2_addr";
    .port_info 4 /OUTPUT 4 "alu_op";
    .port_info 5 /OUTPUT 1 "reg_write";
    .port_info 6 /OUTPUT 1 "mem_write";
    .port_info 7 /OUTPUT 1 "mem_read";
    .port_info 8 /OUTPUT 1 "use_imm";
    .port_info 9 /OUTPUT 1 "is_two_byte";
v0x2849c840_0 .var "alu_op", 3 0;
v0x2849c920_0 .net "instr", 7 0, v0x284a1790_0;  alias, 1 drivers
v0x2849c9e0_0 .var "is_two_byte", 0 0;
v0x2849ca80_0 .var "mem_read", 0 0;
v0x2849cb40_0 .var "mem_write", 0 0;
v0x2849cc50_0 .net "opcode", 3 0, L_0x284aa330;  1 drivers
v0x2849cd30_0 .var "reg_dst", 1 0;
v0x2849ce10_0 .var "reg_read1_addr", 1 0;
v0x2849cef0_0 .var "reg_read2_addr", 1 0;
v0x2849cfd0_0 .var "reg_write", 0 0;
v0x2849d090_0 .var "use_imm", 0 0;
E_0x284415f0 .event anyedge, v0x2849c920_0, v0x2849cc50_0;
L_0x284aa330 .part v0x284a1790_0, 4, 4;
S_0x2849d290 .scope module, "dmem" "data_memory" 3 96, 6 1 0, S_0x2844f690;
 .timescale 0 0;
    .port_info 0 /INPUT 1 "clk";
    .port_info 1 /INPUT 8 "address";
    .port_info 2 /INPUT 8 "write_data";
    .port_info 3 /INPUT 1 "mem_write";
    .port_info 4 /INPUT 1 "mem_read";
    .port_info 5 /OUTPUT 8 "read_data";
v0x2849dd00_0 .net "address", 7 0, v0x2849c4c0_0;  alias, 1 drivers
v0x2849dde0_0 .net "clk", 0 0, v0x284a9f80_0;  alias, 1 drivers
v0x2849de80_0 .var/i "i", 31 0;
v0x2849df40_0 .net "mem_read", 0 0, v0x2849ca80_0;  alias, 1 drivers
v0x2849dfe0_0 .net "mem_write", 0 0, v0x2849cb40_0;  alias, 1 drivers
v0x2849e0d0 .array "memory", 255 0, 7 0;
v0x284a0960_0 .var "read_data", 7 0;
v0x284a0a40_0 .net "write_data", 7 0, L_0x284aa880;  alias, 1 drivers
E_0x28481150 .event posedge, v0x2849dde0_0;
v0x2849e0d0_0 .array/port v0x2849e0d0, 0;
v0x2849e0d0_1 .array/port v0x2849e0d0, 1;
E_0x28481280/0 .event anyedge, v0x2849ca80_0, v0x2849c4c0_0, v0x2849e0d0_0, v0x2849e0d0_1;
v0x2849e0d0_2 .array/port v0x2849e0d0, 2;
v0x2849e0d0_3 .array/port v0x2849e0d0, 3;
v0x2849e0d0_4 .array/port v0x2849e0d0, 4;
v0x2849e0d0_5 .array/port v0x2849e0d0, 5;
E_0x28481280/1 .event anyedge, v0x2849e0d0_2, v0x2849e0d0_3, v0x2849e0d0_4, v0x2849e0d0_5;
v0x2849e0d0_6 .array/port v0x2849e0d0, 6;
v0x2849e0d0_7 .array/port v0x2849e0d0, 7;
v0x2849e0d0_8 .array/port v0x2849e0d0, 8;
v0x2849e0d0_9 .array/port v0x2849e0d0, 9;
E_0x28481280/2 .event anyedge, v0x2849e0d0_6, v0x2849e0d0_7, v0x2849e0d0_8, v0x2849e0d0_9;
v0x2849e0d0_10 .array/port v0x2849e0d0, 10;
v0x2849e0d0_11 .array/port v0x2849e0d0, 11;
v0x2849e0d0_12 .array/port v0x2849e0d0, 12;
v0x2849e0d0_13 .array/port v0x2849e0d0, 13;
E_0x28481280/3 .event anyedge, v0x2849e0d0_10, v0x2849e0d0_11, v0x2849e0d0_12, v0x2849e0d0_13;
v0x2849e0d0_14 .array/port v0x2849e0d0, 14;
v0x2849e0d0_15 .array/port v0x2849e0d0, 15;
v0x2849e0d0_16 .array/port v0x2849e0d0, 16;
v0x2849e0d0_17 .array/port v0x2849e0d0, 17;
E_0x28481280/4 .event anyedge, v0x2849e0d0_14, v0x2849e0d0_15, v0x2849e0d0_16, v0x2849e0d0_17;
v0x2849e0d0_18 .array/port v0x2849e0d0, 18;
v0x2849e0d0_19 .array/port v0x2849e0d0, 19;
v0x2849e0d0_20 .array/port v0x2849e0d0, 20;
v0x2849e0d0_21 .array/port v0x2849e0d0, 21;
E_0x28481280/5 .event anyedge, v0x2849e0d0_18, v0x2849e0d0_19, v0x2849e0d0_20, v0x2849e0d0_21;
v0x2849e0d0_22 .array/port v0x2849e0d0, 22;
v0x2849e0d0_23 .array/port v0x2849e0d0, 23;
v0x2849e0d0_24 .array/port v0x2849e0d0, 24;
v0x2849e0d0_25 .array/port v0x2849e0d0, 25;
E_0x28481280/6 .event anyedge, v0x2849e0d0_22, v0x2849e0d0_23, v0x2849e0d0_24, v0x2849e0d0_25;
v0x2849e0d0_26 .array/port v0x2849e0d0, 26;
v0x2849e0d0_27 .array/port v0x2849e0d0, 27;
v0x2849e0d0_28 .array/port v0x2849e0d0, 28;
v0x2849e0d0_29 .array/port v0x2849e0d0, 29;
E_0x28481280/7 .event anyedge, v0x2849e0d0_26, v0x2849e0d0_27, v0x2849e0d0_28, v0x2849e0d0_29;
v0x2849e0d0_30 .array/port v0x2849e0d0, 30;
v0x2849e0d0_31 .array/port v0x2849e0d0, 31;
v0x2849e0d0_32 .array/port v0x2849e0d0, 32;
v0x2849e0d0_33 .array/port v0x2849e0d0, 33;
E_0x28481280/8 .event anyedge, v0x2849e0d0_30, v0x2849e0d0_31, v0x2849e0d0_32, v0x2849e0d0_33;
v0x2849e0d0_34 .array/port v0x2849e0d0, 34;
v0x2849e0d0_35 .array/port v0x2849e0d0, 35;
v0x2849e0d0_36 .array/port v0x2849e0d0, 36;
v0x2849e0d0_37 .array/port v0x2849e0d0, 37;
E_0x28481280/9 .event anyedge, v0x2849e0d0_34, v0x2849e0d0_35, v0x2849e0d0_36, v0x2849e0d0_37;
v0x2849e0d0_38 .array/port v0x2849e0d0, 38;
v0x2849e0d0_39 .array/port v0x2849e0d0, 39;
v0x2849e0d0_40 .array/port v0x2849e0d0, 40;
v0x2849e0d0_41 .array/port v0x2849e0d0, 41;
E_0x28481280/10 .event anyedge, v0x2849e0d0_38, v0x2849e0d0_39, v0x2849e0d0_40, v0x2849e0d0_41;
v0x2849e0d0_42 .array/port v0x2849e0d0, 42;
v0x2849e0d0_43 .array/port v0x2849e0d0, 43;
v0x2849e0d0_44 .array/port v0x2849e0d0, 44;
v0x2849e0d0_45 .array/port v0x2849e0d0, 45;
E_0x28481280/11 .event anyedge, v0x2849e0d0_42, v0x2849e0d0_43, v0x2849e0d0_44, v0x2849e0d0_45;
v0x2849e0d0_46 .array/port v0x2849e0d0, 46;
v0x2849e0d0_47 .array/port v0x2849e0d0, 47;
v0x2849e0d0_48 .array/port v0x2849e0d0, 48;
v0x2849e0d0_49 .array/port v0x2849e0d0, 49;
E_0x28481280/12 .event anyedge, v0x2849e0d0_46, v0x2849e0d0_47, v0x2849e0d0_48, v0x2849e0d0_49;
v0x2849e0d0_50 .array/port v0x2849e0d0, 50;
v0x2849e0d0_51 .array/port v0x2849e0d0, 51;
v0x2849e0d0_52 .array/port v0x2849e0d0, 52;
v0x2849e0d0_53 .array/port v0x2849e0d0, 53;
E_0x28481280/13 .event anyedge, v0x2849e0d0_50, v0x2849e0d0_51, v0x2849e0d0_52, v0x2849e0d0_53;
v0x2849e0d0_54 .array/port v0x2849e0d0, 54;
v0x2849e0d0_55 .array/port v0x2849e0d0, 55;
v0x2849e0d0_56 .array/port v0x2849e0d0, 56;
v0x2849e0d0_57 .array/port v0x2849e0d0, 57;
E_0x28481280/14 .event anyedge, v0x2849e0d0_54, v0x2849e0d0_55, v0x2849e0d0_56, v0x2849e0d0_57;
v0x2849e0d0_58 .array/port v0x2849e0d0, 58;
v0x2849e0d0_59 .array/port v0x2849e0d0, 59;
v0x2849e0d0_60 .array/port v0x2849e0d0, 60;
v0x2849e0d0_61 .array/port v0x2849e0d0, 61;
E_0x28481280/15 .event anyedge, v0x2849e0d0_58, v0x2849e0d0_59, v0x2849e0d0_60, v0x2849e0d0_61;
v0x2849e0d0_62 .array/port v0x2849e0d0, 62;
v0x2849e0d0_63 .array/port v0x2849e0d0, 63;
v0x2849e0d0_64 .array/port v0x2849e0d0, 64;
v0x2849e0d0_65 .array/port v0x2849e0d0, 65;
E_0x28481280/16 .event anyedge, v0x2849e0d0_62, v0x2849e0d0_63, v0x2849e0d0_64, v0x2849e0d0_65;
v0x2849e0d0_66 .array/port v0x2849e0d0, 66;
v0x2849e0d0_67 .array/port v0x2849e0d0, 67;
v0x2849e0d0_68 .array/port v0x2849e0d0, 68;
v0x2849e0d0_69 .array/port v0x2849e0d0, 69;
E_0x28481280/17 .event anyedge, v0x2849e0d0_66, v0x2849e0d0_67, v0x2849e0d0_68, v0x2849e0d0_69;
v0x2849e0d0_70 .array/port v0x2849e0d0, 70;
v0x2849e0d0_71 .array/port v0x2849e0d0, 71;
v0x2849e0d0_72 .array/port v0x2849e0d0, 72;
v0x2849e0d0_73 .array/port v0x2849e0d0, 73;
E_0x28481280/18 .event anyedge, v0x2849e0d0_70, v0x2849e0d0_71, v0x2849e0d0_72, v0x2849e0d0_73;
v0x2849e0d0_74 .array/port v0x2849e0d0, 74;
v0x2849e0d0_75 .array/port v0x2849e0d0, 75;
v0x2849e0d0_76 .array/port v0x2849e0d0, 76;
v0x2849e0d0_77 .array/port v0x2849e0d0, 77;
E_0x28481280/19 .event anyedge, v0x2849e0d0_74, v0x2849e0d0_75, v0x2849e0d0_76, v0x2849e0d0_77;
v0x2849e0d0_78 .array/port v0x2849e0d0, 78;
v0x2849e0d0_79 .array/port v0x2849e0d0, 79;
v0x2849e0d0_80 .array/port v0x2849e0d0, 80;
v0x2849e0d0_81 .array/port v0x2849e0d0, 81;
E_0x28481280/20 .event anyedge, v0x2849e0d0_78, v0x2849e0d0_79, v0x2849e0d0_80, v0x2849e0d0_81;
v0x2849e0d0_82 .array/port v0x2849e0d0, 82;
v0x2849e0d0_83 .array/port v0x2849e0d0, 83;
v0x2849e0d0_84 .array/port v0x2849e0d0, 84;
v0x2849e0d0_85 .array/port v0x2849e0d0, 85;
E_0x28481280/21 .event anyedge, v0x2849e0d0_82, v0x2849e0d0_83, v0x2849e0d0_84, v0x2849e0d0_85;
v0x2849e0d0_86 .array/port v0x2849e0d0, 86;
v0x2849e0d0_87 .array/port v0x2849e0d0, 87;
v0x2849e0d0_88 .array/port v0x2849e0d0, 88;
v0x2849e0d0_89 .array/port v0x2849e0d0, 89;
E_0x28481280/22 .event anyedge, v0x2849e0d0_86, v0x2849e0d0_87, v0x2849e0d0_88, v0x2849e0d0_89;
v0x2849e0d0_90 .array/port v0x2849e0d0, 90;
v0x2849e0d0_91 .array/port v0x2849e0d0, 91;
v0x2849e0d0_92 .array/port v0x2849e0d0, 92;
v0x2849e0d0_93 .array/port v0x2849e0d0, 93;
E_0x28481280/23 .event anyedge, v0x2849e0d0_90, v0x2849e0d0_91, v0x2849e0d0_92, v0x2849e0d0_93;
v0x2849e0d0_94 .array/port v0x2849e0d0, 94;
v0x2849e0d0_95 .array/port v0x2849e0d0, 95;
v0x2849e0d0_96 .array/port v0x2849e0d0, 96;
v0x2849e0d0_97 .array/port v0x2849e0d0, 97;
E_0x28481280/24 .event anyedge, v0x2849e0d0_94, v0x2849e0d0_95, v0x2849e0d0_96, v0x2849e0d0_97;
v0x2849e0d0_98 .array/port v0x2849e0d0, 98;
v0x2849e0d0_99 .array/port v0x2849e0d0, 99;
v0x2849e0d0_100 .array/port v0x2849e0d0, 100;
v0x2849e0d0_101 .array/port v0x2849e0d0, 101;
E_0x28481280/25 .event anyedge, v0x2849e0d0_98, v0x2849e0d0_99, v0x2849e0d0_100, v0x2849e0d0_101;
v0x2849e0d0_102 .array/port v0x2849e0d0, 102;
v0x2849e0d0_103 .array/port v0x2849e0d0, 103;
v0x2849e0d0_104 .array/port v0x2849e0d0, 104;
v0x2849e0d0_105 .array/port v0x2849e0d0, 105;
E_0x28481280/26 .event anyedge, v0x2849e0d0_102, v0x2849e0d0_103, v0x2849e0d0_104, v0x2849e0d0_105;
v0x2849e0d0_106 .array/port v0x2849e0d0, 106;
v0x2849e0d0_107 .array/port v0x2849e0d0, 107;
v0x2849e0d0_108 .array/port v0x2849e0d0, 108;
v0x2849e0d0_109 .array/port v0x2849e0d0, 109;
E_0x28481280/27 .event anyedge, v0x2849e0d0_106, v0x2849e0d0_107, v0x2849e0d0_108, v0x2849e0d0_109;
v0x2849e0d0_110 .array/port v0x2849e0d0, 110;
v0x2849e0d0_111 .array/port v0x2849e0d0, 111;
v0x2849e0d0_112 .array/port v0x2849e0d0, 112;
v0x2849e0d0_113 .array/port v0x2849e0d0, 113;
E_0x28481280/28 .event anyedge, v0x2849e0d0_110, v0x2849e0d0_111, v0x2849e0d0_112, v0x2849e0d0_113;
v0x2849e0d0_114 .array/port v0x2849e0d0, 114;
v0x2849e0d0_115 .array/port v0x2849e0d0, 115;
v0x2849e0d0_116 .array/port v0x2849e0d0, 116;
v0x2849e0d0_117 .array/port v0x2849e0d0, 117;
E_0x28481280/29 .event anyedge, v0x2849e0d0_114, v0x2849e0d0_115, v0x2849e0d0_116, v0x2849e0d0_117;
v0x2849e0d0_118 .array/port v0x2849e0d0, 118;
v0x2849e0d0_119 .array/port v0x2849e0d0, 119;
v0x2849e0d0_120 .array/port v0x2849e0d0, 120;
v0x2849e0d0_121 .array/port v0x2849e0d0, 121;
E_0x28481280/30 .event anyedge, v0x2849e0d0_118, v0x2849e0d0_119, v0x2849e0d0_120, v0x2849e0d0_121;
v0x2849e0d0_122 .array/port v0x2849e0d0, 122;
v0x2849e0d0_123 .array/port v0x2849e0d0, 123;
v0x2849e0d0_124 .array/port v0x2849e0d0, 124;
v0x2849e0d0_125 .array/port v0x2849e0d0, 125;
E_0x28481280/31 .event anyedge, v0x2849e0d0_122, v0x2849e0d0_123, v0x2849e0d0_124, v0x2849e0d0_125;
v0x2849e0d0_126 .array/port v0x2849e0d0, 126;
v0x2849e0d0_127 .array/port v0x2849e0d0, 127;
v0x2849e0d0_128 .array/port v0x2849e0d0, 128;
v0x2849e0d0_129 .array/port v0x2849e0d0, 129;
E_0x28481280/32 .event anyedge, v0x2849e0d0_126, v0x2849e0d0_127, v0x2849e0d0_128, v0x2849e0d0_129;
v0x2849e0d0_130 .array/port v0x2849e0d0, 130;
v0x2849e0d0_131 .array/port v0x2849e0d0, 131;
v0x2849e0d0_132 .array/port v0x2849e0d0, 132;
v0x2849e0d0_133 .array/port v0x2849e0d0, 133;
E_0x28481280/33 .event anyedge, v0x2849e0d0_130, v0x2849e0d0_131, v0x2849e0d0_132, v0x2849e0d0_133;
v0x2849e0d0_134 .array/port v0x2849e0d0, 134;
v0x2849e0d0_135 .array/port v0x2849e0d0, 135;
v0x2849e0d0_136 .array/port v0x2849e0d0, 136;
v0x2849e0d0_137 .array/port v0x2849e0d0, 137;
E_0x28481280/34 .event anyedge, v0x2849e0d0_134, v0x2849e0d0_135, v0x2849e0d0_136, v0x2849e0d0_137;
v0x2849e0d0_138 .array/port v0x2849e0d0, 138;
v0x2849e0d0_139 .array/port v0x2849e0d0, 139;
v0x2849e0d0_140 .array/port v0x2849e0d0, 140;
v0x2849e0d0_141 .array/port v0x2849e0d0, 141;
E_0x28481280/35 .event anyedge, v0x2849e0d0_138, v0x2849e0d0_139, v0x2849e0d0_140, v0x2849e0d0_141;
v0x2849e0d0_142 .array/port v0x2849e0d0, 142;
v0x2849e0d0_143 .array/port v0x2849e0d0, 143;
v0x2849e0d0_144 .array/port v0x2849e0d0, 144;
v0x2849e0d0_145 .array/port v0x2849e0d0, 145;
E_0x28481280/36 .event anyedge, v0x2849e0d0_142, v0x2849e0d0_143, v0x2849e0d0_144, v0x2849e0d0_145;
v0x2849e0d0_146 .array/port v0x2849e0d0, 146;
v0x2849e0d0_147 .array/port v0x2849e0d0, 147;
v0x2849e0d0_148 .array/port v0x2849e0d0, 148;
v0x2849e0d0_149 .array/port v0x2849e0d0, 149;
E_0x28481280/37 .event anyedge, v0x2849e0d0_146, v0x2849e0d0_147, v0x2849e0d0_148, v0x2849e0d0_149;
v0x2849e0d0_150 .array/port v0x2849e0d0, 150;
v0x2849e0d0_151 .array/port v0x2849e0d0, 151;
v0x2849e0d0_152 .array/port v0x2849e0d0, 152;
v0x2849e0d0_153 .array/port v0x2849e0d0, 153;
E_0x28481280/38 .event anyedge, v0x2849e0d0_150, v0x2849e0d0_151, v0x2849e0d0_152, v0x2849e0d0_153;
v0x2849e0d0_154 .array/port v0x2849e0d0, 154;
v0x2849e0d0_155 .array/port v0x2849e0d0, 155;
v0x2849e0d0_156 .array/port v0x2849e0d0, 156;
v0x2849e0d0_157 .array/port v0x2849e0d0, 157;
E_0x28481280/39 .event anyedge, v0x2849e0d0_154, v0x2849e0d0_155, v0x2849e0d0_156, v0x2849e0d0_157;
v0x2849e0d0_158 .array/port v0x2849e0d0, 158;
v0x2849e0d0_159 .array/port v0x2849e0d0, 159;
v0x2849e0d0_160 .array/port v0x2849e0d0, 160;
v0x2849e0d0_161 .array/port v0x2849e0d0, 161;
E_0x28481280/40 .event anyedge, v0x2849e0d0_158, v0x2849e0d0_159, v0x2849e0d0_160, v0x2849e0d0_161;
v0x2849e0d0_162 .array/port v0x2849e0d0, 162;
v0x2849e0d0_163 .array/port v0x2849e0d0, 163;
v0x2849e0d0_164 .array/port v0x2849e0d0, 164;
v0x2849e0d0_165 .array/port v0x2849e0d0, 165;
E_0x28481280/41 .event anyedge, v0x2849e0d0_162, v0x2849e0d0_163, v0x2849e0d0_164, v0x2849e0d0_165;
v0x2849e0d0_166 .array/port v0x2849e0d0, 166;
v0x2849e0d0_167 .array/port v0x2849e0d0, 167;
v0x2849e0d0_168 .array/port v0x2849e0d0, 168;
v0x2849e0d0_169 .array/port v0x2849e0d0, 169;
E_0x28481280/42 .event anyedge, v0x2849e0d0_166, v0x2849e0d0_167, v0x2849e0d0_168, v0x2849e0d0_169;
v0x2849e0d0_170 .array/port v0x2849e0d0, 170;
v0x2849e0d0_171 .array/port v0x2849e0d0, 171;
v0x2849e0d0_172 .array/port v0x2849e0d0, 172;
v0x2849e0d0_173 .array/port v0x2849e0d0, 173;
E_0x28481280/43 .event anyedge, v0x2849e0d0_170, v0x2849e0d0_171, v0x2849e0d0_172, v0x2849e0d0_173;
v0x2849e0d0_174 .array/port v0x2849e0d0, 174;
v0x2849e0d0_175 .array/port v0x2849e0d0, 175;
v0x2849e0d0_176 .array/port v0x2849e0d0, 176;
v0x2849e0d0_177 .array/port v0x2849e0d0, 177;
E_0x28481280/44 .event anyedge, v0x2849e0d0_174, v0x2849e0d0_175, v0x2849e0d0_176, v0x2849e0d0_177;
v0x2849e0d0_178 .array/port v0x2849e0d0, 178;
v0x2849e0d0_179 .array/port v0x2849e0d0, 179;
v0x2849e0d0_180 .array/port v0x2849e0d0, 180;
v0x2849e0d0_181 .array/port v0x2849e0d0, 181;
E_0x28481280/45 .event anyedge, v0x2849e0d0_178, v0x2849e0d0_179, v0x2849e0d0_180, v0x2849e0d0_181;
v0x2849e0d0_182 .array/port v0x2849e0d0, 182;
v0x2849e0d0_183 .array/port v0x2849e0d0, 183;
v0x2849e0d0_184 .array/port v0x2849e0d0, 184;
v0x2849e0d0_185 .array/port v0x2849e0d0, 185;
E_0x28481280/46 .event anyedge, v0x2849e0d0_182, v0x2849e0d0_183, v0x2849e0d0_184, v0x2849e0d0_185;
v0x2849e0d0_186 .array/port v0x2849e0d0, 186;
v0x2849e0d0_187 .array/port v0x2849e0d0, 187;
v0x2849e0d0_188 .array/port v0x2849e0d0, 188;
v0x2849e0d0_189 .array/port v0x2849e0d0, 189;
E_0x28481280/47 .event anyedge, v0x2849e0d0_186, v0x2849e0d0_187, v0x2849e0d0_188, v0x2849e0d0_189;
v0x2849e0d0_190 .array/port v0x2849e0d0, 190;
v0x2849e0d0_191 .array/port v0x2849e0d0, 191;
v0x2849e0d0_192 .array/port v0x2849e0d0, 192;
v0x2849e0d0_193 .array/port v0x2849e0d0, 193;
E_0x28481280/48 .event anyedge, v0x2849e0d0_190, v0x2849e0d0_191, v0x2849e0d0_192, v0x2849e0d0_193;
v0x2849e0d0_194 .array/port v0x2849e0d0, 194;
v0x2849e0d0_195 .array/port v0x2849e0d0, 195;
v0x2849e0d0_196 .array/port v0x2849e0d0, 196;
v0x2849e0d0_197 .array/port v0x2849e0d0, 197;
E_0x28481280/49 .event anyedge, v0x2849e0d0_194, v0x2849e0d0_195, v0x2849e0d0_196, v0x2849e0d0_197;
v0x2849e0d0_198 .array/port v0x2849e0d0, 198;
v0x2849e0d0_199 .array/port v0x2849e0d0, 199;
v0x2849e0d0_200 .array/port v0x2849e0d0, 200;
v0x2849e0d0_201 .array/port v0x2849e0d0, 201;
E_0x28481280/50 .event anyedge, v0x2849e0d0_198, v0x2849e0d0_199, v0x2849e0d0_200, v0x2849e0d0_201;
v0x2849e0d0_202 .array/port v0x2849e0d0, 202;
v0x2849e0d0_203 .array/port v0x2849e0d0, 203;
v0x2849e0d0_204 .array/port v0x2849e0d0, 204;
v0x2849e0d0_205 .array/port v0x2849e0d0, 205;
E_0x28481280/51 .event anyedge, v0x2849e0d0_202, v0x2849e0d0_203, v0x2849e0d0_204, v0x2849e0d0_205;
v0x2849e0d0_206 .array/port v0x2849e0d0, 206;
v0x2849e0d0_207 .array/port v0x2849e0d0, 207;
v0x2849e0d0_208 .array/port v0x2849e0d0, 208;
v0x2849e0d0_209 .array/port v0x2849e0d0, 209;
E_0x28481280/52 .event anyedge, v0x2849e0d0_206, v0x2849e0d0_207, v0x2849e0d0_208, v0x2849e0d0_209;
v0x2849e0d0_210 .array/port v0x2849e0d0, 210;
v0x2849e0d0_211 .array/port v0x2849e0d0, 211;
v0x2849e0d0_212 .array/port v0x2849e0d0, 212;
v0x2849e0d0_213 .array/port v0x2849e0d0, 213;
E_0x28481280/53 .event anyedge, v0x2849e0d0_210, v0x2849e0d0_211, v0x2849e0d0_212, v0x2849e0d0_213;
v0x2849e0d0_214 .array/port v0x2849e0d0, 214;
v0x2849e0d0_215 .array/port v0x2849e0d0, 215;
v0x2849e0d0_216 .array/port v0x2849e0d0, 216;
v0x2849e0d0_217 .array/port v0x2849e0d0, 217;
E_0x28481280/54 .event anyedge, v0x2849e0d0_214, v0x2849e0d0_215, v0x2849e0d0_216, v0x2849e0d0_217;
v0x2849e0d0_218 .array/port v0x2849e0d0, 218;
v0x2849e0d0_219 .array/port v0x2849e0d0, 219;
v0x2849e0d0_220 .array/port v0x2849e0d0, 220;
v0x2849e0d0_221 .array/port v0x2849e0d0, 221;
E_0x28481280/55 .event anyedge, v0x2849e0d0_218, v0x2849e0d0_219, v0x2849e0d0_220, v0x2849e0d0_221;
v0x2849e0d0_222 .array/port v0x2849e0d0, 222;
v0x2849e0d0_223 .array/port v0x2849e0d0, 223;
v0x2849e0d0_224 .array/port v0x2849e0d0, 224;
v0x2849e0d0_225 .array/port v0x2849e0d0, 225;
E_0x28481280/56 .event anyedge, v0x2849e0d0_222, v0x2849e0d0_223, v0x2849e0d0_224, v0x2849e0d0_225;
v0x2849e0d0_226 .array/port v0x2849e0d0, 226;
v0x2849e0d0_227 .array/port v0x2849e0d0, 227;
v0x2849e0d0_228 .array/port v0x2849e0d0, 228;
v0x2849e0d0_229 .array/port v0x2849e0d0, 229;
E_0x28481280/57 .event anyedge, v0x2849e0d0_226, v0x2849e0d0_227, v0x2849e0d0_228, v0x2849e0d0_229;
v0x2849e0d0_230 .array/port v0x2849e0d0, 230;
v0x2849e0d0_231 .array/port v0x2849e0d0, 231;
v0x2849e0d0_232 .array/port v0x2849e0d0, 232;
v0x2849e0d0_233 .array/port v0x2849e0d0, 233;
E_0x28481280/58 .event anyedge, v0x2849e0d0_230, v0x2849e0d0_231, v0x2849e0d0_232, v0x2849e0d0_233;
v0x2849e0d0_234 .array/port v0x2849e0d0, 234;
v0x2849e0d0_235 .array/port v0x2849e0d0, 235;
v0x2849e0d0_236 .array/port v0x2849e0d0, 236;
v0x2849e0d0_237 .array/port v0x2849e0d0, 237;
E_0x28481280/59 .event anyedge, v0x2849e0d0_234, v0x2849e0d0_235, v0x2849e0d0_236, v0x2849e0d0_237;
v0x2849e0d0_238 .array/port v0x2849e0d0, 238;
v0x2849e0d0_239 .array/port v0x2849e0d0, 239;
v0x2849e0d0_240 .array/port v0x2849e0d0, 240;
v0x2849e0d0_241 .array/port v0x2849e0d0, 241;
E_0x28481280/60 .event anyedge, v0x2849e0d0_238, v0x2849e0d0_239, v0x2849e0d0_240, v0x2849e0d0_241;
v0x2849e0d0_242 .array/port v0x2849e0d0, 242;
v0x2849e0d0_243 .array/port v0x2849e0d0, 243;
v0x2849e0d0_244 .array/port v0x2849e0d0, 244;
v0x2849e0d0_245 .array/port v0x2849e0d0, 245;
E_0x28481280/61 .event anyedge, v0x2849e0d0_242, v0x2849e0d0_243, v0x2849e0d0_244, v0x2849e0d0_245;
v0x2849e0d0_246 .array/port v0x2849e0d0, 246;
v0x2849e0d0_247 .array/port v0x2849e0d0, 247;
v0x2849e0d0_248 .array/port v0x2849e0d0, 248;
v0x2849e0d0_249 .array/port v0x2849e0d0, 249;
E_0x28481280/62 .event anyedge, v0x2849e0d0_246, v0x2849e0d0_247, v0x2849e0d0_248, v0x2849e0d0_249;
v0x2849e0d0_250 .array/port v0x2849e0d0, 250;
v0x2849e0d0_251 .array/port v0x2849e0d0, 251;
v0x2849e0d0_252 .array/port v0x2849e0d0, 252;
v0x2849e0d0_253 .array/port v0x2849e0d0, 253;
E_0x28481280/63 .event anyedge, v0x2849e0d0_250, v0x2849e0d0_251, v0x2849e0d0_252, v0x2849e0d0_253;
v0x2849e0d0_254 .array/port v0x2849e0d0, 254;
v0x2849e0d0_255 .array/port v0x2849e0d0, 255;
E_0x28481280/64 .event anyedge, v0x2849e0d0_254, v0x2849e0d0_255;
E_0x28481280 .event/or E_0x28481280/0, E_0x28481280/1, E_0x28481280/2, E_0x28481280/3, E_0x28481280/4, E_0x28481280/5, E_0x28481280/6, E_0x28481280/7, E_0x28481280/8, E_0x28481280/9, E_0x28481280/10, E_0x28481280/11, E_0x28481280/12, E_0x28481280/13, E_0x28481280/14, E_0x28481280/15, E_0x28481280/16, E_0x28481280/17, E_0x28481280/18, E_0x28481280/19, E_0x28481280/20, E_0x28481280/21, E_0x28481280/22, E_0x28481280/23, E_0x28481280/24, E_0x28481280/25, E_0x28481280/26, E_0x28481280/27, E_0x28481280/28, E_0x28481280/29, E_0x28481280/30, E_0x28481280/31, E_0x28481280/32, E_0x28481280/33, E_0x28481280/34, E_0x28481280/35, E_0x28481280/36, E_0x28481280/37, E_0x28481280/38, E_0x28481280/39, E_0x28481280/40, E_0x28481280/41, E_0x28481280/42, E_0x28481280/43, E_0x28481280/44, E_0x28481280/45, E_0x28481280/46, E_0x28481280/47, E_0x28481280/48, E_0x28481280/49, E_0x28481280/50, E_0x28481280/51, E_0x28481280/52, E_0x28481280/53, E_0x28481280/54, E_0x28481280/55, E_0x28481280/56, E_0x28481280/57, E_0x28481280/58, E_0x28481280/59, E_0x28481280/60, E_0x28481280/61, E_0x28481280/62, E_0x28481280/63, E_0x28481280/64;
S_0x284a0c20 .scope module, "imem1" "instruction_memory" 3 39, 7 1 0, S_0x2844f690;
 .timescale 0 0;
    .port_info 0 /INPUT 8 "addr";
    .port_info 1 /OUTPUT 8 "data";
v0x284a1690_0 .net "addr", 7 0, v0x284a9690_0;  1 drivers
v0x284a1790_0 .var "data", 7 0;
v0x284a1880 .array "memory", 255 0, 7 0;
v0x284a1880_0 .array/port v0x284a1880, 0;
v0x284a1880_1 .array/port v0x284a1880, 1;
v0x284a1880_2 .array/port v0x284a1880, 2;
E_0x284a0e20/0 .event anyedge, v0x284a1690_0, v0x284a1880_0, v0x284a1880_1, v0x284a1880_2;
v0x284a1880_3 .array/port v0x284a1880, 3;
v0x284a1880_4 .array/port v0x284a1880, 4;
v0x284a1880_5 .array/port v0x284a1880, 5;
v0x284a1880_6 .array/port v0x284a1880, 6;
E_0x284a0e20/1 .event anyedge, v0x284a1880_3, v0x284a1880_4, v0x284a1880_5, v0x284a1880_6;
v0x284a1880_7 .array/port v0x284a1880, 7;
v0x284a1880_8 .array/port v0x284a1880, 8;
v0x284a1880_9 .array/port v0x284a1880, 9;
v0x284a1880_10 .array/port v0x284a1880, 10;
E_0x284a0e20/2 .event anyedge, v0x284a1880_7, v0x284a1880_8, v0x284a1880_9, v0x284a1880_10;
v0x284a1880_11 .array/port v0x284a1880, 11;
v0x284a1880_12 .array/port v0x284a1880, 12;
v0x284a1880_13 .array/port v0x284a1880, 13;
v0x284a1880_14 .array/port v0x284a1880, 14;
E_0x284a0e20/3 .event anyedge, v0x284a1880_11, v0x284a1880_12, v0x284a1880_13, v0x284a1880_14;
v0x284a1880_15 .array/port v0x284a1880, 15;
v0x284a1880_16 .array/port v0x284a1880, 16;
v0x284a1880_17 .array/port v0x284a1880, 17;
v0x284a1880_18 .array/port v0x284a1880, 18;
E_0x284a0e20/4 .event anyedge, v0x284a1880_15, v0x284a1880_16, v0x284a1880_17, v0x284a1880_18;
v0x284a1880_19 .array/port v0x284a1880, 19;
v0x284a1880_20 .array/port v0x284a1880, 20;
v0x284a1880_21 .array/port v0x284a1880, 21;
v0x284a1880_22 .array/port v0x284a1880, 22;
E_0x284a0e20/5 .event anyedge, v0x284a1880_19, v0x284a1880_20, v0x284a1880_21, v0x284a1880_22;
v0x284a1880_23 .array/port v0x284a1880, 23;
v0x284a1880_24 .array/port v0x284a1880, 24;
v0x284a1880_25 .array/port v0x284a1880, 25;
v0x284a1880_26 .array/port v0x284a1880, 26;
E_0x284a0e20/6 .event anyedge, v0x284a1880_23, v0x284a1880_24, v0x284a1880_25, v0x284a1880_26;
v0x284a1880_27 .array/port v0x284a1880, 27;
v0x284a1880_28 .array/port v0x284a1880, 28;
v0x284a1880_29 .array/port v0x284a1880, 29;
v0x284a1880_30 .array/port v0x284a1880, 30;
E_0x284a0e20/7 .event anyedge, v0x284a1880_27, v0x284a1880_28, v0x284a1880_29, v0x284a1880_30;
v0x284a1880_31 .array/port v0x284a1880, 31;
v0x284a1880_32 .array/port v0x284a1880, 32;
v0x284a1880_33 .array/port v0x284a1880, 33;
v0x284a1880_34 .array/port v0x284a1880, 34;
E_0x284a0e20/8 .event anyedge, v0x284a1880_31, v0x284a1880_32, v0x284a1880_33, v0x284a1880_34;
v0x284a1880_35 .array/port v0x284a1880, 35;
v0x284a1880_36 .array/port v0x284a1880, 36;
v0x284a1880_37 .array/port v0x284a1880, 37;
v0x284a1880_38 .array/port v0x284a1880, 38;
E_0x284a0e20/9 .event anyedge, v0x284a1880_35, v0x284a1880_36, v0x284a1880_37, v0x284a1880_38;
v0x284a1880_39 .array/port v0x284a1880, 39;
v0x284a1880_40 .array/port v0x284a1880, 40;
v0x284a1880_41 .array/port v0x284a1880, 41;
v0x284a1880_42 .array/port v0x284a1880, 42;
E_0x284a0e20/10 .event anyedge, v0x284a1880_39, v0x284a1880_40, v0x284a1880_41, v0x284a1880_42;
v0x284a1880_43 .array/port v0x284a1880, 43;
v0x284a1880_44 .array/port v0x284a1880, 44;
v0x284a1880_45 .array/port v0x284a1880, 45;
v0x284a1880_46 .array/port v0x284a1880, 46;
E_0x284a0e20/11 .event anyedge, v0x284a1880_43, v0x284a1880_44, v0x284a1880_45, v0x284a1880_46;
v0x284a1880_47 .array/port v0x284a1880, 47;
v0x284a1880_48 .array/port v0x284a1880, 48;
v0x284a1880_49 .array/port v0x284a1880, 49;
v0x284a1880_50 .array/port v0x284a1880, 50;
E_0x284a0e20/12 .event anyedge, v0x284a1880_47, v0x284a1880_48, v0x284a1880_49, v0x284a1880_50;
v0x284a1880_51 .array/port v0x284a1880, 51;
v0x284a1880_52 .array/port v0x284a1880, 52;
v0x284a1880_53 .array/port v0x284a1880, 53;
v0x284a1880_54 .array/port v0x284a1880, 54;
E_0x284a0e20/13 .event anyedge, v0x284a1880_51, v0x284a1880_52, v0x284a1880_53, v0x284a1880_54;
v0x284a1880_55 .array/port v0x284a1880, 55;
v0x284a1880_56 .array/port v0x284a1880, 56;
v0x284a1880_57 .array/port v0x284a1880, 57;
v0x284a1880_58 .array/port v0x284a1880, 58;
E_0x284a0e20/14 .event anyedge, v0x284a1880_55, v0x284a1880_56, v0x284a1880_57, v0x284a1880_58;
v0x284a1880_59 .array/port v0x284a1880, 59;
v0x284a1880_60 .array/port v0x284a1880, 60;
v0x284a1880_61 .array/port v0x284a1880, 61;
v0x284a1880_62 .array/port v0x284a1880, 62;
E_0x284a0e20/15 .event anyedge, v0x284a1880_59, v0x284a1880_60, v0x284a1880_61, v0x284a1880_62;
v0x284a1880_63 .array/port v0x284a1880, 63;
v0x284a1880_64 .array/port v0x284a1880, 64;
v0x284a1880_65 .array/port v0x284a1880, 65;
v0x284a1880_66 .array/port v0x284a1880, 66;
E_0x284a0e20/16 .event anyedge, v0x284a1880_63, v0x284a1880_64, v0x284a1880_65, v0x284a1880_66;
v0x284a1880_67 .array/port v0x284a1880, 67;
v0x284a1880_68 .array/port v0x284a1880, 68;
v0x284a1880_69 .array/port v0x284a1880, 69;
v0x284a1880_70 .array/port v0x284a1880, 70;
E_0x284a0e20/17 .event anyedge, v0x284a1880_67, v0x284a1880_68, v0x284a1880_69, v0x284a1880_70;
v0x284a1880_71 .array/port v0x284a1880, 71;
v0x284a1880_72 .array/port v0x284a1880, 72;
v0x284a1880_73 .array/port v0x284a1880, 73;
v0x284a1880_74 .array/port v0x284a1880, 74;
E_0x284a0e20/18 .event anyedge, v0x284a1880_71, v0x284a1880_72, v0x284a1880_73, v0x284a1880_74;
v0x284a1880_75 .array/port v0x284a1880, 75;
v0x284a1880_76 .array/port v0x284a1880, 76;
v0x284a1880_77 .array/port v0x284a1880, 77;
v0x284a1880_78 .array/port v0x284a1880, 78;
E_0x284a0e20/19 .event anyedge, v0x284a1880_75, v0x284a1880_76, v0x284a1880_77, v0x284a1880_78;
v0x284a1880_79 .array/port v0x284a1880, 79;
v0x284a1880_80 .array/port v0x284a1880, 80;
v0x284a1880_81 .array/port v0x284a1880, 81;
v0x284a1880_82 .array/port v0x284a1880, 82;
E_0x284a0e20/20 .event anyedge, v0x284a1880_79, v0x284a1880_80, v0x284a1880_81, v0x284a1880_82;
v0x284a1880_83 .array/port v0x284a1880, 83;
v0x284a1880_84 .array/port v0x284a1880, 84;
v0x284a1880_85 .array/port v0x284a1880, 85;
v0x284a1880_86 .array/port v0x284a1880, 86;
E_0x284a0e20/21 .event anyedge, v0x284a1880_83, v0x284a1880_84, v0x284a1880_85, v0x284a1880_86;
v0x284a1880_87 .array/port v0x284a1880, 87;
v0x284a1880_88 .array/port v0x284a1880, 88;
v0x284a1880_89 .array/port v0x284a1880, 89;
v0x284a1880_90 .array/port v0x284a1880, 90;
E_0x284a0e20/22 .event anyedge, v0x284a1880_87, v0x284a1880_88, v0x284a1880_89, v0x284a1880_90;
v0x284a1880_91 .array/port v0x284a1880, 91;
v0x284a1880_92 .array/port v0x284a1880, 92;
v0x284a1880_93 .array/port v0x284a1880, 93;
v0x284a1880_94 .array/port v0x284a1880, 94;
E_0x284a0e20/23 .event anyedge, v0x284a1880_91, v0x284a1880_92, v0x284a1880_93, v0x284a1880_94;
v0x284a1880_95 .array/port v0x284a1880, 95;
v0x284a1880_96 .array/port v0x284a1880, 96;
v0x284a1880_97 .array/port v0x284a1880, 97;
v0x284a1880_98 .array/port v0x284a1880, 98;
E_0x284a0e20/24 .event anyedge, v0x284a1880_95, v0x284a1880_96, v0x284a1880_97, v0x284a1880_98;
v0x284a1880_99 .array/port v0x284a1880, 99;
v0x284a1880_100 .array/port v0x284a1880, 100;
v0x284a1880_101 .array/port v0x284a1880, 101;
v0x284a1880_102 .array/port v0x284a1880, 102;
E_0x284a0e20/25 .event anyedge, v0x284a1880_99, v0x284a1880_100, v0x284a1880_101, v0x284a1880_102;
v0x284a1880_103 .array/port v0x284a1880, 103;
v0x284a1880_104 .array/port v0x284a1880, 104;
v0x284a1880_105 .array/port v0x284a1880, 105;
v0x284a1880_106 .array/port v0x284a1880, 106;
E_0x284a0e20/26 .event anyedge, v0x284a1880_103, v0x284a1880_104, v0x284a1880_105, v0x284a1880_106;
v0x284a1880_107 .array/port v0x284a1880, 107;
v0x284a1880_108 .array/port v0x284a1880, 108;
v0x284a1880_109 .array/port v0x284a1880, 109;
v0x284a1880_110 .array/port v0x284a1880, 110;
E_0x284a0e20/27 .event anyedge, v0x284a1880_107, v0x284a1880_108, v0x284a1880_109, v0x284a1880_110;
v0x284a1880_111 .array/port v0x284a1880, 111;
v0x284a1880_112 .array/port v0x284a1880, 112;
v0x284a1880_113 .array/port v0x284a1880, 113;
v0x284a1880_114 .array/port v0x284a1880, 114;
E_0x284a0e20/28 .event anyedge, v0x284a1880_111, v0x284a1880_112, v0x284a1880_113, v0x284a1880_114;
v0x284a1880_115 .array/port v0x284a1880, 115;
v0x284a1880_116 .array/port v0x284a1880, 116;
v0x284a1880_117 .array/port v0x284a1880, 117;
v0x284a1880_118 .array/port v0x284a1880, 118;
E_0x284a0e20/29 .event anyedge, v0x284a1880_115, v0x284a1880_116, v0x284a1880_117, v0x284a1880_118;
v0x284a1880_119 .array/port v0x284a1880, 119;
v0x284a1880_120 .array/port v0x284a1880, 120;
v0x284a1880_121 .array/port v0x284a1880, 121;
v0x284a1880_122 .array/port v0x284a1880, 122;
E_0x284a0e20/30 .event anyedge, v0x284a1880_119, v0x284a1880_120, v0x284a1880_121, v0x284a1880_122;
v0x284a1880_123 .array/port v0x284a1880, 123;
v0x284a1880_124 .array/port v0x284a1880, 124;
v0x284a1880_125 .array/port v0x284a1880, 125;
v0x284a1880_126 .array/port v0x284a1880, 126;
E_0x284a0e20/31 .event anyedge, v0x284a1880_123, v0x284a1880_124, v0x284a1880_125, v0x284a1880_126;
v0x284a1880_127 .array/port v0x284a1880, 127;
v0x284a1880_128 .array/port v0x284a1880, 128;
v0x284a1880_129 .array/port v0x284a1880, 129;
v0x284a1880_130 .array/port v0x284a1880, 130;
E_0x284a0e20/32 .event anyedge, v0x284a1880_127, v0x284a1880_128, v0x284a1880_129, v0x284a1880_130;
v0x284a1880_131 .array/port v0x284a1880, 131;
v0x284a1880_132 .array/port v0x284a1880, 132;
v0x284a1880_133 .array/port v0x284a1880, 133;
v0x284a1880_134 .array/port v0x284a1880, 134;
E_0x284a0e20/33 .event anyedge, v0x284a1880_131, v0x284a1880_132, v0x284a1880_133, v0x284a1880_134;
v0x284a1880_135 .array/port v0x284a1880, 135;
v0x284a1880_136 .array/port v0x284a1880, 136;
v0x284a1880_137 .array/port v0x284a1880, 137;
v0x284a1880_138 .array/port v0x284a1880, 138;
E_0x284a0e20/34 .event anyedge, v0x284a1880_135, v0x284a1880_136, v0x284a1880_137, v0x284a1880_138;
v0x284a1880_139 .array/port v0x284a1880, 139;
v0x284a1880_140 .array/port v0x284a1880, 140;
v0x284a1880_141 .array/port v0x284a1880, 141;
v0x284a1880_142 .array/port v0x284a1880, 142;
E_0x284a0e20/35 .event anyedge, v0x284a1880_139, v0x284a1880_140, v0x284a1880_141, v0x284a1880_142;
v0x284a1880_143 .array/port v0x284a1880, 143;
v0x284a1880_144 .array/port v0x284a1880, 144;
v0x284a1880_145 .array/port v0x284a1880, 145;
v0x284a1880_146 .array/port v0x284a1880, 146;
E_0x284a0e20/36 .event anyedge, v0x284a1880_143, v0x284a1880_144, v0x284a1880_145, v0x284a1880_146;
v0x284a1880_147 .array/port v0x284a1880, 147;
v0x284a1880_148 .array/port v0x284a1880, 148;
v0x284a1880_149 .array/port v0x284a1880, 149;
v0x284a1880_150 .array/port v0x284a1880, 150;
E_0x284a0e20/37 .event anyedge, v0x284a1880_147, v0x284a1880_148, v0x284a1880_149, v0x284a1880_150;
v0x284a1880_151 .array/port v0x284a1880, 151;
v0x284a1880_152 .array/port v0x284a1880, 152;
v0x284a1880_153 .array/port v0x284a1880, 153;
v0x284a1880_154 .array/port v0x284a1880, 154;
E_0x284a0e20/38 .event anyedge, v0x284a1880_151, v0x284a1880_152, v0x284a1880_153, v0x284a1880_154;
v0x284a1880_155 .array/port v0x284a1880, 155;
v0x284a1880_156 .array/port v0x284a1880, 156;
v0x284a1880_157 .array/port v0x284a1880, 157;
v0x284a1880_158 .array/port v0x284a1880, 158;
E_0x284a0e20/39 .event anyedge, v0x284a1880_155, v0x284a1880_156, v0x284a1880_157, v0x284a1880_158;
v0x284a1880_159 .array/port v0x284a1880, 159;
v0x284a1880_160 .array/port v0x284a1880, 160;
v0x284a1880_161 .array/port v0x284a1880, 161;
v0x284a1880_162 .array/port v0x284a1880, 162;
E_0x284a0e20/40 .event anyedge, v0x284a1880_159, v0x284a1880_160, v0x284a1880_161, v0x284a1880_162;
v0x284a1880_163 .array/port v0x284a1880, 163;
v0x284a1880_164 .array/port v0x284a1880, 164;
v0x284a1880_165 .array/port v0x284a1880, 165;
v0x284a1880_166 .array/port v0x284a1880, 166;
E_0x284a0e20/41 .event anyedge, v0x284a1880_163, v0x284a1880_164, v0x284a1880_165, v0x284a1880_166;
v0x284a1880_167 .array/port v0x284a1880, 167;
v0x284a1880_168 .array/port v0x284a1880, 168;
v0x284a1880_169 .array/port v0x284a1880, 169;
v0x284a1880_170 .array/port v0x284a1880, 170;
E_0x284a0e20/42 .event anyedge, v0x284a1880_167, v0x284a1880_168, v0x284a1880_169, v0x284a1880_170;
v0x284a1880_171 .array/port v0x284a1880, 171;
v0x284a1880_172 .array/port v0x284a1880, 172;
v0x284a1880_173 .array/port v0x284a1880, 173;
v0x284a1880_174 .array/port v0x284a1880, 174;
E_0x284a0e20/43 .event anyedge, v0x284a1880_171, v0x284a1880_172, v0x284a1880_173, v0x284a1880_174;
v0x284a1880_175 .array/port v0x284a1880, 175;
v0x284a1880_176 .array/port v0x284a1880, 176;
v0x284a1880_177 .array/port v0x284a1880, 177;
v0x284a1880_178 .array/port v0x284a1880, 178;
E_0x284a0e20/44 .event anyedge, v0x284a1880_175, v0x284a1880_176, v0x284a1880_177, v0x284a1880_178;
v0x284a1880_179 .array/port v0x284a1880, 179;
v0x284a1880_180 .array/port v0x284a1880, 180;
v0x284a1880_181 .array/port v0x284a1880, 181;
v0x284a1880_182 .array/port v0x284a1880, 182;
E_0x284a0e20/45 .event anyedge, v0x284a1880_179, v0x284a1880_180, v0x284a1880_181, v0x284a1880_182;
v0x284a1880_183 .array/port v0x284a1880, 183;
v0x284a1880_184 .array/port v0x284a1880, 184;
v0x284a1880_185 .array/port v0x284a1880, 185;
v0x284a1880_186 .array/port v0x284a1880, 186;
E_0x284a0e20/46 .event anyedge, v0x284a1880_183, v0x284a1880_184, v0x284a1880_185, v0x284a1880_186;
v0x284a1880_187 .array/port v0x284a1880, 187;
v0x284a1880_188 .array/port v0x284a1880, 188;
v0x284a1880_189 .array/port v0x284a1880, 189;
v0x284a1880_190 .array/port v0x284a1880, 190;
E_0x284a0e20/47 .event anyedge, v0x284a1880_187, v0x284a1880_188, v0x284a1880_189, v0x284a1880_190;
v0x284a1880_191 .array/port v0x284a1880, 191;
v0x284a1880_192 .array/port v0x284a1880, 192;
v0x284a1880_193 .array/port v0x284a1880, 193;
v0x284a1880_194 .array/port v0x284a1880, 194;
E_0x284a0e20/48 .event anyedge, v0x284a1880_191, v0x284a1880_192, v0x284a1880_193, v0x284a1880_194;
v0x284a1880_195 .array/port v0x284a1880, 195;
v0x284a1880_196 .array/port v0x284a1880, 196;
v0x284a1880_197 .array/port v0x284a1880, 197;
v0x284a1880_198 .array/port v0x284a1880, 198;
E_0x284a0e20/49 .event anyedge, v0x284a1880_195, v0x284a1880_196, v0x284a1880_197, v0x284a1880_198;
v0x284a1880_199 .array/port v0x284a1880, 199;
v0x284a1880_200 .array/port v0x284a1880, 200;
v0x284a1880_201 .array/port v0x284a1880, 201;
v0x284a1880_202 .array/port v0x284a1880, 202;
E_0x284a0e20/50 .event anyedge, v0x284a1880_199, v0x284a1880_200, v0x284a1880_201, v0x284a1880_202;
v0x284a1880_203 .array/port v0x284a1880, 203;
v0x284a1880_204 .array/port v0x284a1880, 204;
v0x284a1880_205 .array/port v0x284a1880, 205;
v0x284a1880_206 .array/port v0x284a1880, 206;
E_0x284a0e20/51 .event anyedge, v0x284a1880_203, v0x284a1880_204, v0x284a1880_205, v0x284a1880_206;
v0x284a1880_207 .array/port v0x284a1880, 207;
v0x284a1880_208 .array/port v0x284a1880, 208;
v0x284a1880_209 .array/port v0x284a1880, 209;
v0x284a1880_210 .array/port v0x284a1880, 210;
E_0x284a0e20/52 .event anyedge, v0x284a1880_207, v0x284a1880_208, v0x284a1880_209, v0x284a1880_210;
v0x284a1880_211 .array/port v0x284a1880, 211;
v0x284a1880_212 .array/port v0x284a1880, 212;
v0x284a1880_213 .array/port v0x284a1880, 213;
v0x284a1880_214 .array/port v0x284a1880, 214;
E_0x284a0e20/53 .event anyedge, v0x284a1880_211, v0x284a1880_212, v0x284a1880_213, v0x284a1880_214;
v0x284a1880_215 .array/port v0x284a1880, 215;
v0x284a1880_216 .array/port v0x284a1880, 216;
v0x284a1880_217 .array/port v0x284a1880, 217;
v0x284a1880_218 .array/port v0x284a1880, 218;
E_0x284a0e20/54 .event anyedge, v0x284a1880_215, v0x284a1880_216, v0x284a1880_217, v0x284a1880_218;
v0x284a1880_219 .array/port v0x284a1880, 219;
v0x284a1880_220 .array/port v0x284a1880, 220;
v0x284a1880_221 .array/port v0x284a1880, 221;
v0x284a1880_222 .array/port v0x284a1880, 222;
E_0x284a0e20/55 .event anyedge, v0x284a1880_219, v0x284a1880_220, v0x284a1880_221, v0x284a1880_222;
v0x284a1880_223 .array/port v0x284a1880, 223;
v0x284a1880_224 .array/port v0x284a1880, 224;
v0x284a1880_225 .array/port v0x284a1880, 225;
v0x284a1880_226 .array/port v0x284a1880, 226;
E_0x284a0e20/56 .event anyedge, v0x284a1880_223, v0x284a1880_224, v0x284a1880_225, v0x284a1880_226;
v0x284a1880_227 .array/port v0x284a1880, 227;
v0x284a1880_228 .array/port v0x284a1880, 228;
v0x284a1880_229 .array/port v0x284a1880, 229;
v0x284a1880_230 .array/port v0x284a1880, 230;
E_0x284a0e20/57 .event anyedge, v0x284a1880_227, v0x284a1880_228, v0x284a1880_229, v0x284a1880_230;
v0x284a1880_231 .array/port v0x284a1880, 231;
v0x284a1880_232 .array/port v0x284a1880, 232;
v0x284a1880_233 .array/port v0x284a1880, 233;
v0x284a1880_234 .array/port v0x284a1880, 234;
E_0x284a0e20/58 .event anyedge, v0x284a1880_231, v0x284a1880_232, v0x284a1880_233, v0x284a1880_234;
v0x284a1880_235 .array/port v0x284a1880, 235;
v0x284a1880_236 .array/port v0x284a1880, 236;
v0x284a1880_237 .array/port v0x284a1880, 237;
v0x284a1880_238 .array/port v0x284a1880, 238;
E_0x284a0e20/59 .event anyedge, v0x284a1880_235, v0x284a1880_236, v0x284a1880_237, v0x284a1880_238;
v0x284a1880_239 .array/port v0x284a1880, 239;
v0x284a1880_240 .array/port v0x284a1880, 240;
v0x284a1880_241 .array/port v0x284a1880, 241;
v0x284a1880_242 .array/port v0x284a1880, 242;
E_0x284a0e20/60 .event anyedge, v0x284a1880_239, v0x284a1880_240, v0x284a1880_241, v0x284a1880_242;
v0x284a1880_243 .array/port v0x284a1880, 243;
v0x284a1880_244 .array/port v0x284a1880, 244;
v0x284a1880_245 .array/port v0x284a1880, 245;
v0x284a1880_246 .array/port v0x284a1880, 246;
E_0x284a0e20/61 .event anyedge, v0x284a1880_243, v0x284a1880_244, v0x284a1880_245, v0x284a1880_246;
v0x284a1880_247 .array/port v0x284a1880, 247;
v0x284a1880_248 .array/port v0x284a1880, 248;
v0x284a1880_249 .array/port v0x284a1880, 249;
v0x284a1880_250 .array/port v0x284a1880, 250;
E_0x284a0e20/62 .event anyedge, v0x284a1880_247, v0x284a1880_248, v0x284a1880_249, v0x284a1880_250;
v0x284a1880_251 .array/port v0x284a1880, 251;
v0x284a1880_252 .array/port v0x284a1880, 252;
v0x284a1880_253 .array/port v0x284a1880, 253;
v0x284a1880_254 .array/port v0x284a1880, 254;
E_0x284a0e20/63 .event anyedge, v0x284a1880_251, v0x284a1880_252, v0x284a1880_253, v0x284a1880_254;
v0x284a1880_255 .array/port v0x284a1880, 255;
E_0x284a0e20/64 .event anyedge, v0x284a1880_255;
E_0x284a0e20 .event/or E_0x284a0e20/0, E_0x284a0e20/1, E_0x284a0e20/2, E_0x284a0e20/3, E_0x284a0e20/4, E_0x284a0e20/5, E_0x284a0e20/6, E_0x284a0e20/7, E_0x284a0e20/8, E_0x284a0e20/9, E_0x284a0e20/10, E_0x284a0e20/11, E_0x284a0e20/12, E_0x284a0e20/13, E_0x284a0e20/14, E_0x284a0e20/15, E_0x284a0e20/16, E_0x284a0e20/17, E_0x284a0e20/18, E_0x284a0e20/19, E_0x284a0e20/20, E_0x284a0e20/21, E_0x284a0e20/22, E_0x284a0e20/23, E_0x284a0e20/24, E_0x284a0e20/25, E_0x284a0e20/26, E_0x284a0e20/27, E_0x284a0e20/28, E_0x284a0e20/29, E_0x284a0e20/30, E_0x284a0e20/31, E_0x284a0e20/32, E_0x284a0e20/33, E_0x284a0e20/34, E_0x284a0e20/35, E_0x284a0e20/36, E_0x284a0e20/37, E_0x284a0e20/38, E_0x284a0e20/39, E_0x284a0e20/40, E_0x284a0e20/41, E_0x284a0e20/42, E_0x284a0e20/43, E_0x284a0e20/44, E_0x284a0e20/45, E_0x284a0e20/46, E_0x284a0e20/47, E_0x284a0e20/48, E_0x284a0e20/49, E_0x284a0e20/50, E_0x284a0e20/51, E_0x284a0e20/52, E_0x284a0e20/53, E_0x284a0e20/54, E_0x284a0e20/55, E_0x284a0e20/56, E_0x284a0e20/57, E_0x284a0e20/58, E_0x284a0e20/59, E_0x284a0e20/60, E_0x284a0e20/61, E_0x284a0e20/62, E_0x284a0e20/63, E_0x284a0e20/64;
S_0x284a41a0 .scope module, "imem2" "instruction_memory" 3 46, 7 1 0, S_0x2844f690;
 .timescale 0 0;
    .port_info 0 /INPUT 8 "addr";
    .port_info 1 /OUTPUT 8 "data";
v0x284a4c80_0 .net "addr", 7 0, L_0x284aa130;  alias, 1 drivers
v0x284a4d80_0 .var "data", 7 0;
v0x284a4e60 .array "memory", 255 0, 7 0;
v0x284a4e60_0 .array/port v0x284a4e60, 0;
v0x284a4e60_1 .array/port v0x284a4e60, 1;
v0x284a4e60_2 .array/port v0x284a4e60, 2;
E_0x284a4410/0 .event anyedge, v0x284a4c80_0, v0x284a4e60_0, v0x284a4e60_1, v0x284a4e60_2;
v0x284a4e60_3 .array/port v0x284a4e60, 3;
v0x284a4e60_4 .array/port v0x284a4e60, 4;
v0x284a4e60_5 .array/port v0x284a4e60, 5;
v0x284a4e60_6 .array/port v0x284a4e60, 6;
E_0x284a4410/1 .event anyedge, v0x284a4e60_3, v0x284a4e60_4, v0x284a4e60_5, v0x284a4e60_6;
v0x284a4e60_7 .array/port v0x284a4e60, 7;
v0x284a4e60_8 .array/port v0x284a4e60, 8;
v0x284a4e60_9 .array/port v0x284a4e60, 9;
v0x284a4e60_10 .array/port v0x284a4e60, 10;
E_0x284a4410/2 .event anyedge, v0x284a4e60_7, v0x284a4e60_8, v0x284a4e60_9, v0x284a4e60_10;
v0x284a4e60_11 .array/port v0x284a4e60, 11;
v0x284a4e60_12 .array/port v0x284a4e60, 12;
v0x284a4e60_13 .array/port v0x284a4e60, 13;
v0x284a4e60_14 .array/port v0x284a4e60, 14;
E_0x284a4410/3 .event anyedge, v0x284a4e60_11, v0x284a4e60_12, v0x284a4e60_13, v0x284a4e60_14;
v0x284a4e60_15 .array/port v0x284a4e60, 15;
v0x284a4e60_16 .array/port v0x284a4e60, 16;
v0x284a4e60_17 .array/port v0x284a4e60, 17;
v0x284a4e60_18 .array/port v0x284a4e60, 18;
E_0x284a4410/4 .event anyedge, v0x284a4e60_15, v0x284a4e60_16, v0x284a4e60_17, v0x284a4e60_18;
v0x284a4e60_19 .array/port v0x284a4e60, 19;
v0x284a4e60_20 .array/port v0x284a4e60, 20;
v0x284a4e60_21 .array/port v0x284a4e60, 21;
v0x284a4e60_22 .array/port v0x284a4e60, 22;
E_0x284a4410/5 .event anyedge, v0x284a4e60_19, v0x284a4e60_20, v0x284a4e60_21, v0x284a4e60_22;
v0x284a4e60_23 .array/port v0x284a4e60, 23;
v0x284a4e60_24 .array/port v0x284a4e60, 24;
v0x284a4e60_25 .array/port v0x284a4e60, 25;
v0x284a4e60_26 .array/port v0x284a4e60, 26;
E_0x284a4410/6 .event anyedge, v0x284a4e60_23, v0x284a4e60_24, v0x284a4e60_25, v0x284a4e60_26;
v0x284a4e60_27 .array/port v0x284a4e60, 27;
v0x284a4e60_28 .array/port v0x284a4e60, 28;
v0x284a4e60_29 .array/port v0x284a4e60, 29;
v0x284a4e60_30 .array/port v0x284a4e60, 30;
E_0x284a4410/7 .event anyedge, v0x284a4e60_27, v0x284a4e60_28, v0x284a4e60_29, v0x284a4e60_30;
v0x284a4e60_31 .array/port v0x284a4e60, 31;
v0x284a4e60_32 .array/port v0x284a4e60, 32;
v0x284a4e60_33 .array/port v0x284a4e60, 33;
v0x284a4e60_34 .array/port v0x284a4e60, 34;
E_0x284a4410/8 .event anyedge, v0x284a4e60_31, v0x284a4e60_32, v0x284a4e60_33, v0x284a4e60_34;
v0x284a4e60_35 .array/port v0x284a4e60, 35;
v0x284a4e60_36 .array/port v0x284a4e60, 36;
v0x284a4e60_37 .array/port v0x284a4e60, 37;
v0x284a4e60_38 .array/port v0x284a4e60, 38;
E_0x284a4410/9 .event anyedge, v0x284a4e60_35, v0x284a4e60_36, v0x284a4e60_37, v0x284a4e60_38;
v0x284a4e60_39 .array/port v0x284a4e60, 39;
v0x284a4e60_40 .array/port v0x284a4e60, 40;
v0x284a4e60_41 .array/port v0x284a4e60, 41;
v0x284a4e60_42 .array/port v0x284a4e60, 42;
E_0x284a4410/10 .event anyedge, v0x284a4e60_39, v0x284a4e60_40, v0x284a4e60_41, v0x284a4e60_42;
v0x284a4e60_43 .array/port v0x284a4e60, 43;
v0x284a4e60_44 .array/port v0x284a4e60, 44;
v0x284a4e60_45 .array/port v0x284a4e60, 45;
v0x284a4e60_46 .array/port v0x284a4e60, 46;
E_0x284a4410/11 .event anyedge, v0x284a4e60_43, v0x284a4e60_44, v0x284a4e60_45, v0x284a4e60_46;
v0x284a4e60_47 .array/port v0x284a4e60, 47;
v0x284a4e60_48 .array/port v0x284a4e60, 48;
v0x284a4e60_49 .array/port v0x284a4e60, 49;
v0x284a4e60_50 .array/port v0x284a4e60, 50;
E_0x284a4410/12 .event anyedge, v0x284a4e60_47, v0x284a4e60_48, v0x284a4e60_49, v0x284a4e60_50;
v0x284a4e60_51 .array/port v0x284a4e60, 51;
v0x284a4e60_52 .array/port v0x284a4e60, 52;
v0x284a4e60_53 .array/port v0x284a4e60, 53;
v0x284a4e60_54 .array/port v0x284a4e60, 54;
E_0x284a4410/13 .event anyedge, v0x284a4e60_51, v0x284a4e60_52, v0x284a4e60_53, v0x284a4e60_54;
v0x284a4e60_55 .array/port v0x284a4e60, 55;
v0x284a4e60_56 .array/port v0x284a4e60, 56;
v0x284a4e60_57 .array/port v0x284a4e60, 57;
v0x284a4e60_58 .array/port v0x284a4e60, 58;
E_0x284a4410/14 .event anyedge, v0x284a4e60_55, v0x284a4e60_56, v0x284a4e60_57, v0x284a4e60_58;
v0x284a4e60_59 .array/port v0x284a4e60, 59;
v0x284a4e60_60 .array/port v0x284a4e60, 60;
v0x284a4e60_61 .array/port v0x284a4e60, 61;
v0x284a4e60_62 .array/port v0x284a4e60, 62;
E_0x284a4410/15 .event anyedge, v0x284a4e60_59, v0x284a4e60_60, v0x284a4e60_61, v0x284a4e60_62;
v0x284a4e60_63 .array/port v0x284a4e60, 63;
v0x284a4e60_64 .array/port v0x284a4e60, 64;
v0x284a4e60_65 .array/port v0x284a4e60, 65;
v0x284a4e60_66 .array/port v0x284a4e60, 66;
E_0x284a4410/16 .event anyedge, v0x284a4e60_63, v0x284a4e60_64, v0x284a4e60_65, v0x284a4e60_66;
v0x284a4e60_67 .array/port v0x284a4e60, 67;
v0x284a4e60_68 .array/port v0x284a4e60, 68;
v0x284a4e60_69 .array/port v0x284a4e60, 69;
v0x284a4e60_70 .array/port v0x284a4e60, 70;
E_0x284a4410/17 .event anyedge, v0x284a4e60_67, v0x284a4e60_68, v0x284a4e60_69, v0x284a4e60_70;
v0x284a4e60_71 .array/port v0x284a4e60, 71;
v0x284a4e60_72 .array/port v0x284a4e60, 72;
v0x284a4e60_73 .array/port v0x284a4e60, 73;
v0x284a4e60_74 .array/port v0x284a4e60, 74;
E_0x284a4410/18 .event anyedge, v0x284a4e60_71, v0x284a4e60_72, v0x284a4e60_73, v0x284a4e60_74;
v0x284a4e60_75 .array/port v0x284a4e60, 75;
v0x284a4e60_76 .array/port v0x284a4e60, 76;
v0x284a4e60_77 .array/port v0x284a4e60, 77;
v0x284a4e60_78 .array/port v0x284a4e60, 78;
E_0x284a4410/19 .event anyedge, v0x284a4e60_75, v0x284a4e60_76, v0x284a4e60_77, v0x284a4e60_78;
v0x284a4e60_79 .array/port v0x284a4e60, 79;
v0x284a4e60_80 .array/port v0x284a4e60, 80;
v0x284a4e60_81 .array/port v0x284a4e60, 81;
v0x284a4e60_82 .array/port v0x284a4e60, 82;
E_0x284a4410/20 .event anyedge, v0x284a4e60_79, v0x284a4e60_80, v0x284a4e60_81, v0x284a4e60_82;
v0x284a4e60_83 .array/port v0x284a4e60, 83;
v0x284a4e60_84 .array/port v0x284a4e60, 84;
v0x284a4e60_85 .array/port v0x284a4e60, 85;
v0x284a4e60_86 .array/port v0x284a4e60, 86;
E_0x284a4410/21 .event anyedge, v0x284a4e60_83, v0x284a4e60_84, v0x284a4e60_85, v0x284a4e60_86;
v0x284a4e60_87 .array/port v0x284a4e60, 87;
v0x284a4e60_88 .array/port v0x284a4e60, 88;
v0x284a4e60_89 .array/port v0x284a4e60, 89;
v0x284a4e60_90 .array/port v0x284a4e60, 90;
E_0x284a4410/22 .event anyedge, v0x284a4e60_87, v0x284a4e60_88, v0x284a4e60_89, v0x284a4e60_90;
v0x284a4e60_91 .array/port v0x284a4e60, 91;
v0x284a4e60_92 .array/port v0x284a4e60, 92;
v0x284a4e60_93 .array/port v0x284a4e60, 93;
v0x284a4e60_94 .array/port v0x284a4e60, 94;
E_0x284a4410/23 .event anyedge, v0x284a4e60_91, v0x284a4e60_92, v0x284a4e60_93, v0x284a4e60_94;
v0x284a4e60_95 .array/port v0x284a4e60, 95;
v0x284a4e60_96 .array/port v0x284a4e60, 96;
v0x284a4e60_97 .array/port v0x284a4e60, 97;
v0x284a4e60_98 .array/port v0x284a4e60, 98;
E_0x284a4410/24 .event anyedge, v0x284a4e60_95, v0x284a4e60_96, v0x284a4e60_97, v0x284a4e60_98;
v0x284a4e60_99 .array/port v0x284a4e60, 99;
v0x284a4e60_100 .array/port v0x284a4e60, 100;
v0x284a4e60_101 .array/port v0x284a4e60, 101;
v0x284a4e60_102 .array/port v0x284a4e60, 102;
E_0x284a4410/25 .event anyedge, v0x284a4e60_99, v0x284a4e60_100, v0x284a4e60_101, v0x284a4e60_102;
v0x284a4e60_103 .array/port v0x284a4e60, 103;
v0x284a4e60_104 .array/port v0x284a4e60, 104;
v0x284a4e60_105 .array/port v0x284a4e60, 105;
v0x284a4e60_106 .array/port v0x284a4e60, 106;
E_0x284a4410/26 .event anyedge, v0x284a4e60_103, v0x284a4e60_104, v0x284a4e60_105, v0x284a4e60_106;
v0x284a4e60_107 .array/port v0x284a4e60, 107;
v0x284a4e60_108 .array/port v0x284a4e60, 108;
v0x284a4e60_109 .array/port v0x284a4e60, 109;
v0x284a4e60_110 .array/port v0x284a4e60, 110;
E_0x284a4410/27 .event anyedge, v0x284a4e60_107, v0x284a4e60_108, v0x284a4e60_109, v0x284a4e60_110;
v0x284a4e60_111 .array/port v0x284a4e60, 111;
v0x284a4e60_112 .array/port v0x284a4e60, 112;
v0x284a4e60_113 .array/port v0x284a4e60, 113;
v0x284a4e60_114 .array/port v0x284a4e60, 114;
E_0x284a4410/28 .event anyedge, v0x284a4e60_111, v0x284a4e60_112, v0x284a4e60_113, v0x284a4e60_114;
v0x284a4e60_115 .array/port v0x284a4e60, 115;
v0x284a4e60_116 .array/port v0x284a4e60, 116;
v0x284a4e60_117 .array/port v0x284a4e60, 117;
v0x284a4e60_118 .array/port v0x284a4e60, 118;
E_0x284a4410/29 .event anyedge, v0x284a4e60_115, v0x284a4e60_116, v0x284a4e60_117, v0x284a4e60_118;
v0x284a4e60_119 .array/port v0x284a4e60, 119;
v0x284a4e60_120 .array/port v0x284a4e60, 120;
v0x284a4e60_121 .array/port v0x284a4e60, 121;
v0x284a4e60_122 .array/port v0x284a4e60, 122;
E_0x284a4410/30 .event anyedge, v0x284a4e60_119, v0x284a4e60_120, v0x284a4e60_121, v0x284a4e60_122;
v0x284a4e60_123 .array/port v0x284a4e60, 123;
v0x284a4e60_124 .array/port v0x284a4e60, 124;
v0x284a4e60_125 .array/port v0x284a4e60, 125;
v0x284a4e60_126 .array/port v0x284a4e60, 126;
E_0x284a4410/31 .event anyedge, v0x284a4e60_123, v0x284a4e60_124, v0x284a4e60_125, v0x284a4e60_126;
v0x284a4e60_127 .array/port v0x284a4e60, 127;
v0x284a4e60_128 .array/port v0x284a4e60, 128;
v0x284a4e60_129 .array/port v0x284a4e60, 129;
v0x284a4e60_130 .array/port v0x284a4e60, 130;
E_0x284a4410/32 .event anyedge, v0x284a4e60_127, v0x284a4e60_128, v0x284a4e60_129, v0x284a4e60_130;
v0x284a4e60_131 .array/port v0x284a4e60, 131;
v0x284a4e60_132 .array/port v0x284a4e60, 132;
v0x284a4e60_133 .array/port v0x284a4e60, 133;
v0x284a4e60_134 .array/port v0x284a4e60, 134;
E_0x284a4410/33 .event anyedge, v0x284a4e60_131, v0x284a4e60_132, v0x284a4e60_133, v0x284a4e60_134;
v0x284a4e60_135 .array/port v0x284a4e60, 135;
v0x284a4e60_136 .array/port v0x284a4e60, 136;
v0x284a4e60_137 .array/port v0x284a4e60, 137;
v0x284a4e60_138 .array/port v0x284a4e60, 138;
E_0x284a4410/34 .event anyedge, v0x284a4e60_135, v0x284a4e60_136, v0x284a4e60_137, v0x284a4e60_138;
v0x284a4e60_139 .array/port v0x284a4e60, 139;
v0x284a4e60_140 .array/port v0x284a4e60, 140;
v0x284a4e60_141 .array/port v0x284a4e60, 141;
v0x284a4e60_142 .array/port v0x284a4e60, 142;
E_0x284a4410/35 .event anyedge, v0x284a4e60_139, v0x284a4e60_140, v0x284a4e60_141, v0x284a4e60_142;
v0x284a4e60_143 .array/port v0x284a4e60, 143;
v0x284a4e60_144 .array/port v0x284a4e60, 144;
v0x284a4e60_145 .array/port v0x284a4e60, 145;
v0x284a4e60_146 .array/port v0x284a4e60, 146;
E_0x284a4410/36 .event anyedge, v0x284a4e60_143, v0x284a4e60_144, v0x284a4e60_145, v0x284a4e60_146;
v0x284a4e60_147 .array/port v0x284a4e60, 147;
v0x284a4e60_148 .array/port v0x284a4e60, 148;
v0x284a4e60_149 .array/port v0x284a4e60, 149;
v0x284a4e60_150 .array/port v0x284a4e60, 150;
E_0x284a4410/37 .event anyedge, v0x284a4e60_147, v0x284a4e60_148, v0x284a4e60_149, v0x284a4e60_150;
v0x284a4e60_151 .array/port v0x284a4e60, 151;
v0x284a4e60_152 .array/port v0x284a4e60, 152;
v0x284a4e60_153 .array/port v0x284a4e60, 153;
v0x284a4e60_154 .array/port v0x284a4e60, 154;
E_0x284a4410/38 .event anyedge, v0x284a4e60_151, v0x284a4e60_152, v0x284a4e60_153, v0x284a4e60_154;
v0x284a4e60_155 .array/port v0x284a4e60, 155;
v0x284a4e60_156 .array/port v0x284a4e60, 156;
v0x284a4e60_157 .array/port v0x284a4e60, 157;
v0x284a4e60_158 .array/port v0x284a4e60, 158;
E_0x284a4410/39 .event anyedge, v0x284a4e60_155, v0x284a4e60_156, v0x284a4e60_157, v0x284a4e60_158;
v0x284a4e60_159 .array/port v0x284a4e60, 159;
v0x284a4e60_160 .array/port v0x284a4e60, 160;
v0x284a4e60_161 .array/port v0x284a4e60, 161;
v0x284a4e60_162 .array/port v0x284a4e60, 162;
E_0x284a4410/40 .event anyedge, v0x284a4e60_159, v0x284a4e60_160, v0x284a4e60_161, v0x284a4e60_162;
v0x284a4e60_163 .array/port v0x284a4e60, 163;
v0x284a4e60_164 .array/port v0x284a4e60, 164;
v0x284a4e60_165 .array/port v0x284a4e60, 165;
v0x284a4e60_166 .array/port v0x284a4e60, 166;
E_0x284a4410/41 .event anyedge, v0x284a4e60_163, v0x284a4e60_164, v0x284a4e60_165, v0x284a4e60_166;
v0x284a4e60_167 .array/port v0x284a4e60, 167;
v0x284a4e60_168 .array/port v0x284a4e60, 168;
v0x284a4e60_169 .array/port v0x284a4e60, 169;
v0x284a4e60_170 .array/port v0x284a4e60, 170;
E_0x284a4410/42 .event anyedge, v0x284a4e60_167, v0x284a4e60_168, v0x284a4e60_169, v0x284a4e60_170;
v0x284a4e60_171 .array/port v0x284a4e60, 171;
v0x284a4e60_172 .array/port v0x284a4e60, 172;
v0x284a4e60_173 .array/port v0x284a4e60, 173;
v0x284a4e60_174 .array/port v0x284a4e60, 174;
E_0x284a4410/43 .event anyedge, v0x284a4e60_171, v0x284a4e60_172, v0x284a4e60_173, v0x284a4e60_174;
v0x284a4e60_175 .array/port v0x284a4e60, 175;
v0x284a4e60_176 .array/port v0x284a4e60, 176;
v0x284a4e60_177 .array/port v0x284a4e60, 177;
v0x284a4e60_178 .array/port v0x284a4e60, 178;
E_0x284a4410/44 .event anyedge, v0x284a4e60_175, v0x284a4e60_176, v0x284a4e60_177, v0x284a4e60_178;
v0x284a4e60_179 .array/port v0x284a4e60, 179;
v0x284a4e60_180 .array/port v0x284a4e60, 180;
v0x284a4e60_181 .array/port v0x284a4e60, 181;
v0x284a4e60_182 .array/port v0x284a4e60, 182;
E_0x284a4410/45 .event anyedge, v0x284a4e60_179, v0x284a4e60_180, v0x284a4e60_181, v0x284a4e60_182;
v0x284a4e60_183 .array/port v0x284a4e60, 183;
v0x284a4e60_184 .array/port v0x284a4e60, 184;
v0x284a4e60_185 .array/port v0x284a4e60, 185;
v0x284a4e60_186 .array/port v0x284a4e60, 186;
E_0x284a4410/46 .event anyedge, v0x284a4e60_183, v0x284a4e60_184, v0x284a4e60_185, v0x284a4e60_186;
v0x284a4e60_187 .array/port v0x284a4e60, 187;
v0x284a4e60_188 .array/port v0x284a4e60, 188;
v0x284a4e60_189 .array/port v0x284a4e60, 189;
v0x284a4e60_190 .array/port v0x284a4e60, 190;
E_0x284a4410/47 .event anyedge, v0x284a4e60_187, v0x284a4e60_188, v0x284a4e60_189, v0x284a4e60_190;
v0x284a4e60_191 .array/port v0x284a4e60, 191;
v0x284a4e60_192 .array/port v0x284a4e60, 192;
v0x284a4e60_193 .array/port v0x284a4e60, 193;
v0x284a4e60_194 .array/port v0x284a4e60, 194;
E_0x284a4410/48 .event anyedge, v0x284a4e60_191, v0x284a4e60_192, v0x284a4e60_193, v0x284a4e60_194;
v0x284a4e60_195 .array/port v0x284a4e60, 195;
v0x284a4e60_196 .array/port v0x284a4e60, 196;
v0x284a4e60_197 .array/port v0x284a4e60, 197;
v0x284a4e60_198 .array/port v0x284a4e60, 198;
E_0x284a4410/49 .event anyedge, v0x284a4e60_195, v0x284a4e60_196, v0x284a4e60_197, v0x284a4e60_198;
v0x284a4e60_199 .array/port v0x284a4e60, 199;
v0x284a4e60_200 .array/port v0x284a4e60, 200;
v0x284a4e60_201 .array/port v0x284a4e60, 201;
v0x284a4e60_202 .array/port v0x284a4e60, 202;
E_0x284a4410/50 .event anyedge, v0x284a4e60_199, v0x284a4e60_200, v0x284a4e60_201, v0x284a4e60_202;
v0x284a4e60_203 .array/port v0x284a4e60, 203;
v0x284a4e60_204 .array/port v0x284a4e60, 204;
v0x284a4e60_205 .array/port v0x284a4e60, 205;
v0x284a4e60_206 .array/port v0x284a4e60, 206;
E_0x284a4410/51 .event anyedge, v0x284a4e60_203, v0x284a4e60_204, v0x284a4e60_205, v0x284a4e60_206;
v0x284a4e60_207 .array/port v0x284a4e60, 207;
v0x284a4e60_208 .array/port v0x284a4e60, 208;
v0x284a4e60_209 .array/port v0x284a4e60, 209;
v0x284a4e60_210 .array/port v0x284a4e60, 210;
E_0x284a4410/52 .event anyedge, v0x284a4e60_207, v0x284a4e60_208, v0x284a4e60_209, v0x284a4e60_210;
v0x284a4e60_211 .array/port v0x284a4e60, 211;
v0x284a4e60_212 .array/port v0x284a4e60, 212;
v0x284a4e60_213 .array/port v0x284a4e60, 213;
v0x284a4e60_214 .array/port v0x284a4e60, 214;
E_0x284a4410/53 .event anyedge, v0x284a4e60_211, v0x284a4e60_212, v0x284a4e60_213, v0x284a4e60_214;
v0x284a4e60_215 .array/port v0x284a4e60, 215;
v0x284a4e60_216 .array/port v0x284a4e60, 216;
v0x284a4e60_217 .array/port v0x284a4e60, 217;
v0x284a4e60_218 .array/port v0x284a4e60, 218;
E_0x284a4410/54 .event anyedge, v0x284a4e60_215, v0x284a4e60_216, v0x284a4e60_217, v0x284a4e60_218;
v0x284a4e60_219 .array/port v0x284a4e60, 219;
v0x284a4e60_220 .array/port v0x284a4e60, 220;
v0x284a4e60_221 .array/port v0x284a4e60, 221;
v0x284a4e60_222 .array/port v0x284a4e60, 222;
E_0x284a4410/55 .event anyedge, v0x284a4e60_219, v0x284a4e60_220, v0x284a4e60_221, v0x284a4e60_222;
v0x284a4e60_223 .array/port v0x284a4e60, 223;
v0x284a4e60_224 .array/port v0x284a4e60, 224;
v0x284a4e60_225 .array/port v0x284a4e60, 225;
v0x284a4e60_226 .array/port v0x284a4e60, 226;
E_0x284a4410/56 .event anyedge, v0x284a4e60_223, v0x284a4e60_224, v0x284a4e60_225, v0x284a4e60_226;
v0x284a4e60_227 .array/port v0x284a4e60, 227;
v0x284a4e60_228 .array/port v0x284a4e60, 228;
v0x284a4e60_229 .array/port v0x284a4e60, 229;
v0x284a4e60_230 .array/port v0x284a4e60, 230;
E_0x284a4410/57 .event anyedge, v0x284a4e60_227, v0x284a4e60_228, v0x284a4e60_229, v0x284a4e60_230;
v0x284a4e60_231 .array/port v0x284a4e60, 231;
v0x284a4e60_232 .array/port v0x284a4e60, 232;
v0x284a4e60_233 .array/port v0x284a4e60, 233;
v0x284a4e60_234 .array/port v0x284a4e60, 234;
E_0x284a4410/58 .event anyedge, v0x284a4e60_231, v0x284a4e60_232, v0x284a4e60_233, v0x284a4e60_234;
v0x284a4e60_235 .array/port v0x284a4e60, 235;
v0x284a4e60_236 .array/port v0x284a4e60, 236;
v0x284a4e60_237 .array/port v0x284a4e60, 237;
v0x284a4e60_238 .array/port v0x284a4e60, 238;
E_0x284a4410/59 .event anyedge, v0x284a4e60_235, v0x284a4e60_236, v0x284a4e60_237, v0x284a4e60_238;
v0x284a4e60_239 .array/port v0x284a4e60, 239;
v0x284a4e60_240 .array/port v0x284a4e60, 240;
v0x284a4e60_241 .array/port v0x284a4e60, 241;
v0x284a4e60_242 .array/port v0x284a4e60, 242;
E_0x284a4410/60 .event anyedge, v0x284a4e60_239, v0x284a4e60_240, v0x284a4e60_241, v0x284a4e60_242;
v0x284a4e60_243 .array/port v0x284a4e60, 243;
v0x284a4e60_244 .array/port v0x284a4e60, 244;
v0x284a4e60_245 .array/port v0x284a4e60, 245;
v0x284a4e60_246 .array/port v0x284a4e60, 246;
E_0x284a4410/61 .event anyedge, v0x284a4e60_243, v0x284a4e60_244, v0x284a4e60_245, v0x284a4e60_246;
v0x284a4e60_247 .array/port v0x284a4e60, 247;
v0x284a4e60_248 .array/port v0x284a4e60, 248;
v0x284a4e60_249 .array/port v0x284a4e60, 249;
v0x284a4e60_250 .array/port v0x284a4e60, 250;
E_0x284a4410/62 .event anyedge, v0x284a4e60_247, v0x284a4e60_248, v0x284a4e60_249, v0x284a4e60_250;
v0x284a4e60_251 .array/port v0x284a4e60, 251;
v0x284a4e60_252 .array/port v0x284a4e60, 252;
v0x284a4e60_253 .array/port v0x284a4e60, 253;
v0x284a4e60_254 .array/port v0x284a4e60, 254;
E_0x284a4410/63 .event anyedge, v0x284a4e60_251, v0x284a4e60_252, v0x284a4e60_253, v0x284a4e60_254;
v0x284a4e60_255 .array/port v0x284a4e60, 255;
E_0x284a4410/64 .event anyedge, v0x284a4e60_255;
E_0x284a4410 .event/or E_0x284a4410/0, E_0x284a4410/1, E_0x284a4410/2, E_0x284a4410/3, E_0x284a4410/4, E_0x284a4410/5, E_0x284a4410/6, E_0x284a4410/7, E_0x284a4410/8, E_0x284a4410/9, E_0x284a4410/10, E_0x284a4410/11, E_0x284a4410/12, E_0x284a4410/13, E_0x284a4410/14, E_0x284a4410/15, E_0x284a4410/16, E_0x284a4410/17, E_0x284a4410/18, E_0x284a4410/19, E_0x284a4410/20, E_0x284a4410/21, E_0x284a4410/22, E_0x284a4410/23, E_0x284a4410/24, E_0x284a4410/25, E_0x284a4410/26, E_0x284a4410/27, E_0x284a4410/28, E_0x284a4410/29, E_0x284a4410/30, E_0x284a4410/31, E_0x284a4410/32, E_0x284a4410/33, E_0x284a4410/34, E_0x284a4410/35, E_0x284a4410/36, E_0x284a4410/37, E_0x284a4410/38, E_0x284a4410/39, E_0x284a4410/40, E_0x284a4410/41, E_0x284a4410/42, E_0x284a4410/43, E_0x284a4410/44, E_0x284a4410/45, E_0x284a4410/46, E_0x284a4410/47, E_0x284a4410/48, E_0x284a4410/49, E_0x284a4410/50, E_0x284a4410/51, E_0x284a4410/52, E_0x284a4410/53, E_0x284a4410/54, E_0x284a4410/55, E_0x284a4410/56, E_0x284a4410/57, E_0x284a4410/58, E_0x284a4410/59, E_0x284a4410/60, E_0x284a4410/61, E_0x284a4410/62, E_0x284a4410/63, E_0x284a4410/64;
S_0x284a7770 .scope module, "rf" "register_file" 3 66, 8 2 0, S_0x2844f690;
 .timescale 0 0;
    .port_info 0 /INPUT 1 "clk";
    .port_info 1 /INPUT 1 "rst";
    .port_info 2 /INPUT 2 "read_reg1";
    .port_info 3 /INPUT 2 "read_reg2";
    .port_info 4 /INPUT 2 "write_reg";
    .port_info 5 /INPUT 8 "write_data";
    .port_info 6 /INPUT 1 "reg_write";
    .port_info 7 /OUTPUT 8 "read_data1";
    .port_info 8 /OUTPUT 8 "read_data2";
L_0x284aa1d0 .functor BUFZ 8, L_0x284aa3d0, C4<00000000>, C4<00000000>, C4<00000000>;
L_0x284aa880 .functor BUFZ 8, L_0x284aa670, C4<00000000>, C4<00000000>, C4<00000000>;
v0x284a7ae0_0 .net *"_ivl_0", 7 0, L_0x284aa3d0;  1 drivers
v0x284a7be0_0 .net *"_ivl_10", 3 0, L_0x284aa710;  1 drivers
L_0x7f2c13cd80a8 .functor BUFT 1, C4<00>, C4<0>, C4<0>, C4<0>;
v0x284a7cc0_0 .net *"_ivl_13", 1 0, L_0x7f2c13cd80a8;  1 drivers
v0x284a7db0_0 .net *"_ivl_2", 3 0, L_0x284aa490;  1 drivers
L_0x7f2c13cd8060 .functor BUFT 1, C4<00>, C4<0>, C4<0>, C4<0>;
v0x284a7e90_0 .net *"_ivl_5", 1 0, L_0x7f2c13cd8060;  1 drivers
v0x284a7fc0_0 .net *"_ivl_8", 7 0, L_0x284aa670;  1 drivers
v0x284a80a0_0 .net "clk", 0 0, v0x284a9f80_0;  alias, 1 drivers
v0x284a8140_0 .net "read_data1", 7 0, L_0x284aa1d0;  alias, 1 drivers
v0x284a8200_0 .net "read_data2", 7 0, L_0x284aa880;  alias, 1 drivers
v0x284a82f0_0 .net "read_reg1", 1 0, v0x2849ce10_0;  alias, 1 drivers
v0x284a83c0_0 .net "read_reg2", 1 0, v0x2849cef0_0;  alias, 1 drivers
v0x284a8490 .array "reg_file", 3 0, 7 0;
v0x284a8530_0 .net "reg_write", 0 0, v0x2849cfd0_0;  alias, 1 drivers
v0x284a8600_0 .net "rst", 0 0, v0x284aa020_0;  alias, 1 drivers
v0x284a86a0_0 .net "write_data", 7 0, L_0x284aac80;  alias, 1 drivers
v0x284a8780_0 .net "write_reg", 1 0, v0x2849cd30_0;  alias, 1 drivers
E_0x284a7a80 .event posedge, v0x284a8600_0, v0x2849dde0_0;
L_0x284aa3d0 .array/port v0x284a8490, L_0x284aa490;
L_0x284aa490 .concat [ 2 2 0 0], v0x2849ce10_0, L_0x7f2c13cd8060;
L_0x284aa670 .array/port v0x284a8490, L_0x284aa710;
L_0x284aa710 .concat [ 2 2 0 0], v0x2849cef0_0, L_0x7f2c13cd80a8;
    .scope S_0x284a0c20;
T_0 ;
    %wait E_0x284a0e20;
    %load/vec4 v0x284a1690_0;
    %pad/u 10;
    %ix/vec4 4;
    %load/vec4a v0x284a1880, 4;
    %store/vec4 v0x284a1790_0, 0, 8;
    %jmp T_0;
    .thread T_0, $push;
    .scope S_0x284a0c20;
T_1 ;
    %pushi/vec4 144, 0, 8;
    %ix/load 4, 0, 0;
    %flag_set/imm 4, 0;
    %store/vec4a v0x284a1880, 4, 0;
    %pushi/vec4 16, 0, 8;
    %ix/load 4, 1, 0;
    %flag_set/imm 4, 0;
    %store/vec4a v0x284a1880, 4, 0;
    %pushi/vec4 148, 0, 8;
    %ix/load 4, 2, 0;
    %flag_set/imm 4, 0;
    %store/vec4a v0x284a1880, 4, 0;
    %pushi/vec4 17, 0, 8;
    %ix/load 4, 3, 0;
    %flag_set/imm 4, 0;
    %store/vec4a v0x284a1880, 4, 0;
    %pushi/vec4 152, 0, 8;
    %ix/load 4, 4, 0;
    %flag_set/imm 4, 0;
    %store/vec4a v0x284a1880, 4, 0;
    %pushi/vec4 18, 0, 8;
    %ix/load 4, 5, 0;
    %flag_set/imm 4, 0;
    %store/vec4a v0x284a1880, 4, 0;
    %pushi/vec4 156, 0, 8;
    %ix/load 4, 6, 0;
    %flag_set/imm 4, 0;
    %store/vec4a v0x284a1880, 4, 0;
    %pushi/vec4 19, 0, 8;
    %ix/load 4, 7, 0;
    %flag_set/imm 4, 0;
    %store/vec4a v0x284a1880, 4, 0;
    %pushi/vec4 17, 0, 8;
    %ix/load 4, 8, 0;
    %flag_set/imm 4, 0;
    %store/vec4a v0x284a1880, 4, 0;
    %pushi/vec4 40, 0, 8;
    %ix/load 4, 9, 0;
    %flag_set/imm 4, 0;
    %store/vec4a v0x284a1880, 4, 0;
    %pushi/vec4 31, 0, 8;
    %ix/load 4, 10, 0;
    %flag_set/imm 4, 0;
    %store/vec4a v0x284a1880, 4, 0;
    %pushi/vec4 38, 0, 8;
    %ix/load 4, 11, 0;
    %flag_set/imm 4, 0;
    %store/vec4a v0x284a1880, 4, 0;
    %pushi/vec4 220, 0, 8;
    %ix/load 4, 12, 0;
    %flag_set/imm 4, 0;
    %store/vec4a v0x284a1880, 4, 0;
    %pushi/vec4 48, 0, 8;
    %ix/load 4, 13, 0;
    %flag_set/imm 4, 0;
    %store/vec4a v0x284a1880, 4, 0;
    %pushi/vec4 212, 0, 8;
    %ix/load 4, 14, 0;
    %flag_set/imm 4, 0;
    %store/vec4a v0x284a1880, 4, 0;
    %pushi/vec4 49, 0, 8;
    %ix/load 4, 15, 0;
    %flag_set/imm 4, 0;
    %store/vec4a v0x284a1880, 4, 0;
    %pushi/vec4 208, 0, 8;
    %ix/load 4, 16, 0;
    %flag_set/imm 4, 0;
    %store/vec4a v0x284a1880, 4, 0;
    %pushi/vec4 50, 0, 8;
    %ix/load 4, 17, 0;
    %flag_set/imm 4, 0;
    %store/vec4a v0x284a1880, 4, 0;
    %pushi/vec4 144, 0, 8;
    %ix/load 4, 18, 0;
    %flag_set/imm 4, 0;
    %store/vec4a v0x284a1880, 4, 0;
    %pushi/vec4 48, 0, 8;
    %ix/load 4, 19, 0;
    %flag_set/imm 4, 0;
    %store/vec4a v0x284a1880, 4, 0;
    %pushi/vec4 148, 0, 8;
    %ix/load 4, 20, 0;
    %flag_set/imm 4, 0;
    %store/vec4a v0x284a1880, 4, 0;
    %pushi/vec4 49, 0, 8;
    %ix/load 4, 21, 0;
    %flag_set/imm 4, 0;
    %store/vec4a v0x284a1880, 4, 0;
    %pushi/vec4 152, 0, 8;
    %ix/load 4, 22, 0;
    %flag_set/imm 4, 0;
    %store/vec4a v0x284a1880, 4, 0;
    %pushi/vec4 50, 0, 8;
    %ix/load 4, 23, 0;
    %flag_set/imm 4, 0;
    %store/vec4a v0x284a1880, 4, 0;
    %pushi/vec4 33, 0, 8;
    %ix/load 4, 24, 0;
    %flag_set/imm 4, 0;
    %store/vec4a v0x284a1880, 4, 0;
    %pushi/vec4 17, 0, 8;
    %ix/load 4, 25, 0;
    %flag_set/imm 4, 0;
    %store/vec4a v0x284a1880, 4, 0;
    %pushi/vec4 32, 0, 8;
    %ix/load 4, 26, 0;
    %flag_set/imm 4, 0;
    %store/vec4a v0x284a1880, 4, 0;
    %pushi/vec4 17, 0, 8;
    %ix/load 4, 27, 0;
    %flag_set/imm 4, 0;
    %store/vec4a v0x284a1880, 4, 0;
    %pushi/vec4 144, 0, 8;
    %ix/load 4, 28, 0;
    %flag_set/imm 4, 0;
    %store/vec4a v0x284a1880, 4, 0;
    %pushi/vec4 1, 0, 8;
    %ix/load 4, 29, 0;
    %flag_set/imm 4, 0;
    %store/vec4a v0x284a1880, 4, 0;
    %pushi/vec4 148, 0, 8;
    %ix/load 4, 30, 0;
    %flag_set/imm 4, 0;
    %store/vec4a v0x284a1880, 4, 0;
    %pushi/vec4 3, 0, 8;
    %ix/load 4, 31, 0;
    %flag_set/imm 4, 0;
    %store/vec4a v0x284a1880, 4, 0;
    %pushi/vec4 152, 0, 8;
    %ix/load 4, 32, 0;
    %flag_set/imm 4, 0;
    %store/vec4a v0x284a1880, 4, 0;
    %pushi/vec4 7, 0, 8;
    %ix/load 4, 33, 0;
    %flag_set/imm 4, 0;
    %store/vec4a v0x284a1880, 4, 0;
    %pushi/vec4 156, 0, 8;
    %ix/load 4, 34, 0;
    %flag_set/imm 4, 0;
    %store/vec4a v0x284a1880, 4, 0;
    %pushi/vec4 15, 0, 8;
    %ix/load 4, 35, 0;
    %flag_set/imm 4, 0;
    %store/vec4a v0x284a1880, 4, 0;
    %pushi/vec4 240, 0, 8;
    %ix/load 4, 36, 0;
    %flag_set/imm 4, 0;
    %store/vec4a v0x284a1880, 4, 0;
    %end;
    .thread T_1;
    .scope S_0x284a41a0;
T_2 ;
    %wait E_0x284a4410;
    %load/vec4 v0x284a4c80_0;
    %pad/u 10;
    %ix/vec4 4;
    %load/vec4a v0x284a4e60, 4;
    %store/vec4 v0x284a4d80_0, 0, 8;
    %jmp T_2;
    .thread T_2, $push;
    .scope S_0x284a41a0;
T_3 ;
    %pushi/vec4 144, 0, 8;
    %ix/load 4, 0, 0;
    %flag_set/imm 4, 0;
    %store/vec4a v0x284a4e60, 4, 0;
    %pushi/vec4 16, 0, 8;
    %ix/load 4, 1, 0;
    %flag_set/imm 4, 0;
    %store/vec4a v0x284a4e60, 4, 0;
    %pushi/vec4 148, 0, 8;
    %ix/load 4, 2, 0;
    %flag_set/imm 4, 0;
    %store/vec4a v0x284a4e60, 4, 0;
    %pushi/vec4 17, 0, 8;
    %ix/load 4, 3, 0;
    %flag_set/imm 4, 0;
    %store/vec4a v0x284a4e60, 4, 0;
    %pushi/vec4 152, 0, 8;
    %ix/load 4, 4, 0;
    %flag_set/imm 4, 0;
    %store/vec4a v0x284a4e60, 4, 0;
    %pushi/vec4 18, 0, 8;
    %ix/load 4, 5, 0;
    %flag_set/imm 4, 0;
    %store/vec4a v0x284a4e60, 4, 0;
    %pushi/vec4 156, 0, 8;
    %ix/load 4, 6, 0;
    %flag_set/imm 4, 0;
    %store/vec4a v0x284a4e60, 4, 0;
    %pushi/vec4 19, 0, 8;
    %ix/load 4, 7, 0;
    %flag_set/imm 4, 0;
    %store/vec4a v0x284a4e60, 4, 0;
    %pushi/vec4 17, 0, 8;
    %ix/load 4, 8, 0;
    %flag_set/imm 4, 0;
    %store/vec4a v0x284a4e60, 4, 0;
    %pushi/vec4 40, 0, 8;
    %ix/load 4, 9, 0;
    %flag_set/imm 4, 0;
    %store/vec4a v0x284a4e60, 4, 0;
    %pushi/vec4 31, 0, 8;
    %ix/load 4, 10, 0;
    %flag_set/imm 4, 0;
    %store/vec4a v0x284a4e60, 4, 0;
    %pushi/vec4 38, 0, 8;
    %ix/load 4, 11, 0;
    %flag_set/imm 4, 0;
    %store/vec4a v0x284a4e60, 4, 0;
    %pushi/vec4 220, 0, 8;
    %ix/load 4, 12, 0;
    %flag_set/imm 4, 0;
    %store/vec4a v0x284a4e60, 4, 0;
    %pushi/vec4 48, 0, 8;
    %ix/load 4, 13, 0;
    %flag_set/imm 4, 0;
    %store/vec4a v0x284a4e60, 4, 0;
    %pushi/vec4 212, 0, 8;
    %ix/load 4, 14, 0;
    %flag_set/imm 4, 0;
    %store/vec4a v0x284a4e60, 4, 0;
    %pushi/vec4 49, 0, 8;
    %ix/load 4, 15, 0;
    %flag_set/imm 4, 0;
    %store/vec4a v0x284a4e60, 4, 0;
    %pushi/vec4 208, 0, 8;
    %ix/load 4, 16, 0;
    %flag_set/imm 4, 0;
    %store/vec4a v0x284a4e60, 4, 0;
    %pushi/vec4 50, 0, 8;
    %ix/load 4, 17, 0;
    %flag_set/imm 4, 0;
    %store/vec4a v0x284a4e60, 4, 0;
    %pushi/vec4 144, 0, 8;
    %ix/load 4, 18, 0;
    %flag_set/imm 4, 0;
    %store/vec4a v0x284a4e60, 4, 0;
    %pushi/vec4 48, 0, 8;
    %ix/load 4, 19, 0;
    %flag_set/imm 4, 0;
    %store/vec4a v0x284a4e60, 4, 0;
    %pushi/vec4 148, 0, 8;
    %ix/load 4, 20, 0;
    %flag_set/imm 4, 0;
    %store/vec4a v0x284a4e60, 4, 0;
    %pushi/vec4 49, 0, 8;
    %ix/load 4, 21, 0;
    %flag_set/imm 4, 0;
    %store/vec4a v0x284a4e60, 4, 0;
    %pushi/vec4 152, 0, 8;
    %ix/load 4, 22, 0;
    %flag_set/imm 4, 0;
    %store/vec4a v0x284a4e60, 4, 0;
    %pushi/vec4 50, 0, 8;
    %ix/load 4, 23, 0;
    %flag_set/imm 4, 0;
    %store/vec4a v0x284a4e60, 4, 0;
    %pushi/vec4 33, 0, 8;
    %ix/load 4, 24, 0;
    %flag_set/imm 4, 0;
    %store/vec4a v0x284a4e60, 4, 0;
    %pushi/vec4 17, 0, 8;
    %ix/load 4, 25, 0;
    %flag_set/imm 4, 0;
    %store/vec4a v0x284a4e60, 4, 0;
    %pushi/vec4 32, 0, 8;
    %ix/load 4, 26, 0;
    %flag_set/imm 4, 0;
    %store/vec4a v0x284a4e60, 4, 0;
    %pushi/vec4 17, 0, 8;
    %ix/load 4, 27, 0;
    %flag_set/imm 4, 0;
    %store/vec4a v0x284a4e60, 4, 0;
    %pushi/vec4 144, 0, 8;
    %ix/load 4, 28, 0;
    %flag_set/imm 4, 0;
    %store/vec4a v0x284a4e60, 4, 0;
    %pushi/vec4 1, 0, 8;
    %ix/load 4, 29, 0;
    %flag_set/imm 4, 0;
    %store/vec4a v0x284a4e60, 4, 0;
    %pushi/vec4 148, 0, 8;
    %ix/load 4, 30, 0;
    %flag_set/imm 4, 0;
    %store/vec4a v0x284a4e60, 4, 0;
    %pushi/vec4 3, 0, 8;
    %ix/load 4, 31, 0;
    %flag_set/imm 4, 0;
    %store/vec4a v0x284a4e60, 4, 0;
    %pushi/vec4 152, 0, 8;
    %ix/load 4, 32, 0;
    %flag_set/imm 4, 0;
    %store/vec4a v0x284a4e60, 4, 0;
    %pushi/vec4 7, 0, 8;
    %ix/load 4, 33, 0;
    %flag_set/imm 4, 0;
    %store/vec4a v0x284a4e60, 4, 0;
    %pushi/vec4 156, 0, 8;
    %ix/load 4, 34, 0;
    %flag_set/imm 4, 0;
    %store/vec4a v0x284a4e60, 4, 0;
    %pushi/vec4 15, 0, 8;
    %ix/load 4, 35, 0;
    %flag_set/imm 4, 0;
    %store/vec4a v0x284a4e60, 4, 0;
    %pushi/vec4 240, 0, 8;
    %ix/load 4, 36, 0;
    %flag_set/imm 4, 0;
    %store/vec4a v0x284a4e60, 4, 0;
    %end;
    .thread T_3;
    .scope S_0x2849c620;
T_4 ;
    %wait E_0x284415f0;
    %pushi/vec4 0, 0, 1;
    %store/vec4 v0x2849cfd0_0, 0, 1;
    %pushi/vec4 0, 0, 1;
    %store/vec4 v0x2849cb40_0, 0, 1;
    %pushi/vec4 0, 0, 1;
    %store/vec4 v0x2849ca80_0, 0, 1;
    %pushi/vec4 0, 0, 1;
    %store/vec4 v0x2849d090_0, 0, 1;
    %pushi/vec4 0, 0, 1;
    %store/vec4 v0x2849c9e0_0, 0, 1;
    %pushi/vec4 0, 0, 4;
    %store/vec4 v0x2849c840_0, 0, 4;
    %load/vec4 v0x2849c920_0;
    %parti/s 2, 2, 3;
    %store/vec4 v0x2849cd30_0, 0, 2;
    %load/vec4 v0x2849c920_0;
    %parti/s 2, 2, 3;
    %store/vec4 v0x2849ce10_0, 0, 2;
    %load/vec4 v0x2849c920_0;
    %parti/s 2, 0, 2;
    %store/vec4 v0x2849cef0_0, 0, 2;
    %load/vec4 v0x2849cc50_0;
    %dup/vec4;
    %pushi/vec4 1, 0, 4;
    %cmp/u;
    %jmp/1 T_4.0, 6;
    %dup/vec4;
    %pushi/vec4 2, 0, 4;
    %cmp/u;
    %jmp/1 T_4.1, 6;
    %dup/vec4;
    %pushi/vec4 9, 0, 4;
    %cmp/u;
    %jmp/1 T_4.2, 6;
    %dup/vec4;
    %pushi/vec4 13, 0, 4;
    %cmp/u;
    %jmp/1 T_4.3, 6;
    %dup/vec4;
    %pushi/vec4 15, 0, 4;
    %cmp/u;
    %jmp/1 T_4.4, 6;
    %jmp T_4.6;
T_4.0 ;
    %pushi/vec4 1, 0, 1;
    %store/vec4 v0x2849cfd0_0, 0, 1;
    %pushi/vec4 0, 0, 4;
    %store/vec4 v0x2849c840_0, 0, 4;
    %jmp T_4.6;
T_4.1 ;
    %pushi/vec4 1, 0, 1;
    %store/vec4 v0x2849cfd0_0, 0, 1;
    %pushi/vec4 1, 0, 4;
    %store/vec4 v0x2849c840_0, 0, 4;
    %jmp T_4.6;
T_4.2 ;
    %pushi/vec4 1, 0, 1;
    %store/vec4 v0x2849cfd0_0, 0, 1;
    %pushi/vec4 1, 0, 1;
    %store/vec4 v0x2849ca80_0, 0, 1;
    %pushi/vec4 1, 0, 1;
    %store/vec4 v0x2849d090_0, 0, 1;
    %pushi/vec4 1, 0, 1;
    %store/vec4 v0x2849c9e0_0, 0, 1;
    %pushi/vec4 0, 0, 4;
    %store/vec4 v0x2849c840_0, 0, 4;
    %load/vec4 v0x2849c920_0;
    %parti/s 2, 2, 3;
    %store/vec4 v0x2849cd30_0, 0, 2;
    %pushi/vec4 0, 0, 2;
    %store/vec4 v0x2849ce10_0, 0, 2;
    %jmp T_4.6;
T_4.3 ;
    %pushi/vec4 1, 0, 1;
    %store/vec4 v0x2849cb40_0, 0, 1;
    %pushi/vec4 1, 0, 1;
    %store/vec4 v0x2849d090_0, 0, 1;
    %pushi/vec4 1, 0, 1;
    %store/vec4 v0x2849c9e0_0, 0, 1;
    %pushi/vec4 0, 0, 4;
    %store/vec4 v0x2849c840_0, 0, 4;
    %pushi/vec4 0, 0, 2;
    %store/vec4 v0x2849ce10_0, 0, 2;
    %load/vec4 v0x2849c920_0;
    %parti/s 2, 2, 3;
    %store/vec4 v0x2849cef0_0, 0, 2;
    %jmp T_4.6;
T_4.4 ;
    %jmp T_4.6;
T_4.6 ;
    %pop/vec4 1;
    %jmp T_4;
    .thread T_4, $push;
    .scope S_0x284a7770;
T_5 ;
    %wait E_0x284a7a80;
    %load/vec4 v0x284a8600_0;
    %flag_set/vec4 8;
    %jmp/0xz  T_5.0, 8;
    %pushi/vec4 0, 0, 8;
    %ix/load 3, 0, 0;
    %flag_set/imm 4, 0;
    %ix/load 4, 0, 0; Constant delay
    %assign/vec4/a/d v0x284a8490, 0, 4;
    %pushi/vec4 0, 0, 8;
    %ix/load 3, 1, 0;
    %flag_set/imm 4, 0;
    %ix/load 4, 0, 0; Constant delay
    %assign/vec4/a/d v0x284a8490, 0, 4;
    %pushi/vec4 0, 0, 8;
    %ix/load 3, 2, 0;
    %flag_set/imm 4, 0;
    %ix/load 4, 0, 0; Constant delay
    %assign/vec4/a/d v0x284a8490, 0, 4;
    %pushi/vec4 0, 0, 8;
    %ix/load 3, 3, 0;
    %flag_set/imm 4, 0;
    %ix/load 4, 0, 0; Constant delay
    %assign/vec4/a/d v0x284a8490, 0, 4;
    %jmp T_5.1;
T_5.0 ;
    %load/vec4 v0x284a8530_0;
    %flag_set/vec4 8;
    %jmp/0xz  T_5.2, 8;
    %load/vec4 v0x284a86a0_0;
    %load/vec4 v0x284a8780_0;
    %pad/u 4;
    %ix/vec4 3;
    %ix/load 4, 0, 0; Constant delay
    %assign/vec4/a/d v0x284a8490, 0, 4;
T_5.2 ;
T_5.1 ;
    %jmp T_5;
    .thread T_5;
    .scope S_0x28408dc0;
T_6 ;
    %wait E_0x28440d00;
    %load/vec4 v0x28480b60_0;
    %dup/vec4;
    %pushi/vec4 0, 0, 4;
    %cmp/u;
    %jmp/1 T_6.0, 6;
    %dup/vec4;
    %pushi/vec4 1, 0, 4;
    %cmp/u;
    %jmp/1 T_6.1, 6;
    %pushi/vec4 0, 0, 8;
    %store/vec4 v0x2849c4c0_0, 0, 8;
    %jmp T_6.3;
T_6.0 ;
    %load/vec4 v0x28480ac0_0;
    %load/vec4 v0x2849c400_0;
    %add;
    %store/vec4 v0x2849c4c0_0, 0, 8;
    %jmp T_6.3;
T_6.1 ;
    %load/vec4 v0x28480ac0_0;
    %load/vec4 v0x2849c400_0;
    %sub;
    %store/vec4 v0x2849c4c0_0, 0, 8;
    %jmp T_6.3;
T_6.3 ;
    %pop/vec4 1;
    %jmp T_6;
    .thread T_6, $push;
    .scope S_0x2849d290;
T_7 ;
    %pushi/vec4 0, 0, 32;
    %store/vec4 v0x2849de80_0, 0, 32;
T_7.0 ;
    %load/vec4 v0x2849de80_0;
    %cmpi/s 256, 0, 32;
    %jmp/0xz T_7.1, 5;
    %pushi/vec4 0, 0, 8;
    %ix/getv/s 4, v0x2849de80_0;
    %store/vec4a v0x2849e0d0, 4, 0;
    %load/vec4 v0x2849de80_0;
    %addi 1, 0, 32;
    %store/vec4 v0x2849de80_0, 0, 32;
    %jmp T_7.0;
T_7.1 ;
    %pushi/vec4 170, 0, 8;
    %ix/load 4, 16, 0;
    %flag_set/imm 4, 0;
    %store/vec4a v0x2849e0d0, 4, 0;
    %pushi/vec4 187, 0, 8;
    %ix/load 4, 17, 0;
    %flag_set/imm 4, 0;
    %store/vec4a v0x2849e0d0, 4, 0;
    %pushi/vec4 204, 0, 8;
    %ix/load 4, 18, 0;
    %flag_set/imm 4, 0;
    %store/vec4a v0x2849e0d0, 4, 0;
    %pushi/vec4 221, 0, 8;
    %ix/load 4, 19, 0;
    %flag_set/imm 4, 0;
    %store/vec4a v0x2849e0d0, 4, 0;
    %pushi/vec4 1, 0, 8;
    %ix/load 4, 1, 0;
    %flag_set/imm 4, 0;
    %store/vec4a v0x2849e0d0, 4, 0;
    %pushi/vec4 3, 0, 8;
    %ix/load 4, 3, 0;
    %flag_set/imm 4, 0;
    %store/vec4a v0x2849e0d0, 4, 0;
    %pushi/vec4 7, 0, 8;
    %ix/load 4, 7, 0;
    %flag_set/imm 4, 0;
    %store/vec4a v0x2849e0d0, 4, 0;
    %pushi/vec4 15, 0, 8;
    %ix/load 4, 15, 0;
    %flag_set/imm 4, 0;
    %store/vec4a v0x2849e0d0, 4, 0;
    %end;
    .thread T_7;
    .scope S_0x2849d290;
T_8 ;
    %wait E_0x28481280;
    %load/vec4 v0x2849df40_0;
    %flag_set/vec4 8;
    %jmp/0xz  T_8.0, 8;
    %load/vec4 v0x2849dd00_0;
    %pad/u 10;
    %ix/vec4 4;
    %load/vec4a v0x2849e0d0, 4;
    %store/vec4 v0x284a0960_0, 0, 8;
    %jmp T_8.1;
T_8.0 ;
    %pushi/vec4 0, 0, 8;
    %store/vec4 v0x284a0960_0, 0, 8;
T_8.1 ;
    %jmp T_8;
    .thread T_8, $push;
    .scope S_0x2849d290;
T_9 ;
    %wait E_0x28481150;
    %load/vec4 v0x2849dfe0_0;
    %flag_set/vec4 8;
    %jmp/0xz  T_9.0, 8;
    %load/vec4 v0x284a0a40_0;
    %load/vec4 v0x2849dd00_0;
    %pad/u 10;
    %ix/vec4 3;
    %ix/load 4, 0, 0; Constant delay
    %assign/vec4/a/d v0x2849e0d0, 0, 4;
T_9.0 ;
    %jmp T_9;
    .thread T_9;
    .scope S_0x2844f690;
T_10 ;
    %pushi/vec4 0, 0, 32;
    %store/vec4 v0x284a90a0_0, 0, 32;
    %end;
    .thread T_10;
    .scope S_0x2844f690;
T_11 ;
    %wait E_0x284a7a80;
    %load/vec4 v0x284a9d80_0;
    %flag_set/vec4 8;
    %jmp/0xz  T_11.0, 8;
    %pushi/vec4 0, 0, 8;
    %assign/vec4 v0x284a9690_0, 0;
    %pushi/vec4 0, 0, 32;
    %assign/vec4 v0x284a90a0_0, 0;
    %jmp T_11.1;
T_11.0 ;
    %vpi_call 3 119 "$display", "----- Cycle %0d (PC: 0x%h) -----", v0x284a90a0_0, v0x284a9690_0 {0 0 0};
    %vpi_call 3 120 "$display", "Instruction: 0x%h (%b)", v0x284a9210_0, v0x284a9210_0 {0 0 0};
    %load/vec4 v0x284a92d0_0;
    %flag_set/vec4 8;
    %jmp/0xz  T_11.2, 8;
    %vpi_call 3 122 "$display", "  Immediate/Next Byte: 0x%h", v0x284a95f0_0 {0 0 0};
T_11.2 ;
    %vpi_call 3 124 "$display", "  Reg Read1 (R%0d): 0x%h, Reg Read2 (R%0d): 0x%h", v0x284a9a70_0, v0x284a97d0_0, v0x284a9b80_0, v0x284a9870_0 {0 0 0};
    %vpi_call 3 125 "$display", "  ALU Input A: 0x%h, ALU Input B: 0x%h", v0x284a8c20_0, v0x284a8d10_0 {0 0 0};
    %vpi_call 3 126 "$display", "  ALU Result: 0x%h", v0x284a8ea0_0 {0 0 0};
    %load/vec4 v0x284a9370_0;
    %flag_set/vec4 8;
    %jmp/0xz  T_11.4, 8;
    %vpi_call 3 129 "$display", "  LOAD: Data from Mem[0x%h] = 0x%h", v0x284a8ea0_0, v0x284a9460_0 {0 0 0};
T_11.4 ;
    %load/vec4 v0x284a9500_0;
    %flag_set/vec4 8;
    %jmp/0xz  T_11.6, 8;
    %vpi_call 3 132 "$display", "  STORE: Writing 0x%h to Mem[0x%h]", v0x284a9870_0, v0x284a8ea0_0 {0 0 0};
T_11.6 ;
    %load/vec4 v0x284a9c90_0;
    %flag_set/vec4 8;
    %jmp/0xz  T_11.8, 8;
    %vpi_call 3 135 "$display", "  WRITE BACK: 0x%h to Reg[R%0d]", v0x284a9ec0_0, v0x284a9960_0 {0 0 0};
T_11.8 ;
    %vpi_call 3 137 "$display", " " {0 0 0};
    %load/vec4 v0x284a9210_0;
    %cmpi/e 240, 0, 8;
    %jmp/0xz  T_11.10, 4;
    %vpi_call 3 141 "$display", "-------------------------------" {0 0 0};
    %vpi_call 3 142 "$display", "HLT instruction encountered. Simulation finished." {0 0 0};
    %vpi_call 3 143 "$display", "Final Register State:" {0 0 0};
    %vpi_call 3 144 "$display", "Reg[0] = 0x%h", &A<v0x284a8490, 0> {0 0 0};
    %vpi_call 3 145 "$display", "Reg[1] = 0x%h", &A<v0x284a8490, 1> {0 0 0};
    %vpi_call 3 146 "$display", "Reg[2] = 0x%h", &A<v0x284a8490, 2> {0 0 0};
    %vpi_call 3 147 "$display", "Reg[3] = 0x%h", &A<v0x284a8490, 3> {0 0 0};
    %vpi_call 3 148 "$finish" {0 0 0};
T_11.10 ;
    %load/vec4 v0x284a9690_0;
    %load/vec4 v0x284a92d0_0;
    %flag_set/vec4 8;
    %jmp/0 T_11.12, 8;
    %pushi/vec4 2, 0, 8;
    %jmp/1 T_11.13, 8;
T_11.12 ; End of true expr.
    %pushi/vec4 1, 0, 8;
    %jmp/0 T_11.13, 8;
 ; End of false expr.
    %blend;
T_11.13;
    %add;
    %assign/vec4 v0x284a9690_0, 0;
    %load/vec4 v0x284a90a0_0;
    %addi 1, 0, 32;
    %assign/vec4 v0x284a90a0_0, 0;
T_11.1 ;
    %jmp T_11;
    .thread T_11;
    .scope S_0x2844f500;
T_12 ;
    %pushi/vec4 0, 0, 1;
    %store/vec4 v0x284a9f80_0, 0, 1;
T_12.0 ;
    %delay 5, 0;
    %load/vec4 v0x284a9f80_0;
    %inv;
    %store/vec4 v0x284a9f80_0, 0, 1;
    %jmp T_12.0;
    %end;
    .thread T_12;
    .scope S_0x2844f500;
T_13 ;
    %pushi/vec4 1, 0, 1;
    %store/vec4 v0x284aa020_0, 0, 1;
    %delay 10, 0;
    %pushi/vec4 0, 0, 1;
    %store/vec4 v0x284aa020_0, 0, 1;
    %delay 2000, 0;
    %vpi_call 2 33 "$finish" {0 0 0};
    %end;
    .thread T_13;
# The file index is used to find the file name in the following table.
:file_names 9;
    "N/A";
    "<interactive>";
    "tb/cpu_tb.v";
    "src/cpu_top.v";
    "src/alu.v";
    "src/control_unit.v";
    "src/data_memory.v";
    "src/instruction_memory.v";
    "src/register_file.v";
